<?xml version="1.0" encoding="UTF-8"?>
<!-- Generated by org.testng.reporters.JUnitXMLReporter -->
<testsuite hostname="UK-C02WF0X2HV2R" ignored="0" name="Set Up Test" tests="11" failures="1" timestamp="27 Aug 2018 15:42:55 GMT" time="458.942" errors="0">
  <testcase name="CUICE4445" time="7.005" classname="Onboarding_tests.SetUpTests"/>
  <testcase name="CUICE4446" time="9.371" classname="Onboarding_tests.SetUpTests"/>
  <testcase name="CUICE4447" time="8.305" classname="Onboarding_tests.SetUpTests"/>
  <testcase name="CUICE4448" time="19.86" classname="Onboarding_tests.SetUpTests"/>
  <testcase name="CUICE4343" time="11.04" classname="Onboarding_tests.SetUpTests"/>
  <testcase name="CUICE4344" time="11.568" classname="Onboarding_tests.SetUpTests"/>
  <testcase name="CUICE4345" time="36.003" classname="Onboarding_tests.SetUpTests"/>
  <testcase name="CUICE4346" time="60.238" classname="Onboarding_tests.SetUpTests">
    <failure type="java.lang.AssertionError" message="expected [true] but found [false]">
      <![CDATA[java.lang.AssertionError: expected [true] but found [false]
at Onboarding_tests.SetUpTests.CUICE4346(SetUpTests.java:62)
... Removed 28 stack frames]]>
    </failure>
  </testcase> <!-- CUICE4346 -->
  <testcase name="CUICE4105" time="19.028" classname="Onboarding_tests.SetUpTests"/>
  <testcase name="CUICE4815" time="23.649" classname="Onboarding_tests.SetUpTests"/>
  <testcase name="CUICE4816" time="24.053" classname="Onboarding_tests.SetUpTests"/>
</testsuite> <!-- Set Up Test -->
