<?xml version="1.0" encoding="UTF-8"?>
<!-- Generated by org.testng.reporters.JUnitXMLReporter -->
<testsuite hostname="UK-C02WF0X2HV2R" ignored="0" name="Iceberg" tests="11" failures="1" timestamp="11 Sep 2018 08:01:57 GMT" time="373.906" errors="0">
  <testcase name="CUICE4445" time="1.404" classname="Onboarding_tests.SetUpTests"/>
  <testcase name="CUICE4446" time="3.331" classname="Onboarding_tests.SetUpTests"/>
  <testcase name="CUICE4447" time="2.443" classname="Onboarding_tests.SetUpTests"/>
  <testcase name="CUICE4448" time="9.986" classname="Onboarding_tests.SetUpTests"/>
  <testcase name="CUICE4343" time="3.908" classname="Onboarding_tests.SetUpTests"/>
  <testcase name="CUICE4344" time="4.006" classname="Onboarding_tests.SetUpTests"/>
  <testcase name="CUICE4345" time="19.407" classname="Onboarding_tests.SetUpTests"/>
  <testcase name="CUICE4346" time="36.656" classname="Onboarding_tests.SetUpTests">
    <failure type="java.lang.AssertionError" message="expected [true] but found [false]">
      <![CDATA[java.lang.AssertionError: expected [true] but found [false]
at Onboarding_tests.SetUpTests.CUICE4346(SetUpTests.java:62)
... Removed 28 stack frames]]>
    </failure>
  </testcase> <!-- CUICE4346 -->
  <testcase name="CUICE4105" time="7.299" classname="Onboarding_tests.SetUpTests"/>
  <testcase name="CUICE4815" time="8.567" classname="Onboarding_tests.SetUpTests"/>
  <testcase name="CUICE4816" time="13.239" classname="Onboarding_tests.SetUpTests"/>
</testsuite> <!-- Iceberg -->
