<?xml version="1.0" encoding="UTF-8"?>
<testsuite name="Personal Details Tests"
           tests="12"
           failures="1"
           errors="0"
           skipped="11"
           time="0.011">
  <properties />
            <testcase name="setUp" time="0.011" classname="Onboarding_tests.personalDetailsTests">
                <failure type="org.openqa.selenium.WebDriverException"
                  message="Connection refused (Connection refused)
Build info: version: &apos;3.12.0&apos;, revision: &apos;7c6e0b3&apos;, time: &apos;2018-05-08T14:04:26.12Z&apos;
System info: host: &apos;UK-C02WF0X2HV2R&apos;, ip: &apos;2a02:c7f:1065:f900:e4cb:bd7a:6941:7cc1%en0&apos;, os.name: &apos;Mac OS X&apos;, os.arch: &apos;x86_64&apos;, os.version: &apos;10.13.6&apos;, java.version: &apos;1.8.0_162&apos;
Driver info: driver.version: IOSDriver"
              >
<![CDATA[org.openqa.selenium.WebDriverException: Connection refused (Connection refused)
Build info: version: '3.12.0', revision: '7c6e0b3', time: '2018-05-08T14:04:26.12Z'
System info: host: 'UK-C02WF0X2HV2R', ip: '2a02:c7f:1065:f900:e4cb:bd7a:6941:7cc1%en0', os.name: 'Mac OS X', os.arch: 'x86_64', os.version: '10.13.6', java.version: '1.8.0_162'
Driver info: driver.version: IOSDriver
  io.appium.java_client.remote.AppiumCommandExecutor.lambda$2(AppiumCommandExecutor.java:230)
  java.util.Optional.orElseGet(Optional.java:267)
  io.appium.java_client.remote.AppiumCommandExecutor.execute(AppiumCommandExecutor.java:229)
  org.openqa.selenium.remote.RemoteWebDriver.execute(RemoteWebDriver.java:543)
  io.appium.java_client.DefaultGenericMobileDriver.execute(DefaultGenericMobileDriver.java:42)
  io.appium.java_client.AppiumDriver.execute(AppiumDriver.java:1)
  io.appium.java_client.ios.IOSDriver.execute(IOSDriver.java:1)
  org.openqa.selenium.remote.RemoteWebDriver.startSession(RemoteWebDriver.java:207)
  org.openqa.selenium.remote.RemoteWebDriver.<init>(RemoteWebDriver.java:130)
  io.appium.java_client.DefaultGenericMobileDriver.<init>(DefaultGenericMobileDriver.java:38)
  io.appium.java_client.AppiumDriver.<init>(AppiumDriver.java:84)
  io.appium.java_client.AppiumDriver.<init>(AppiumDriver.java:94)
  io.appium.java_client.ios.IOSDriver.<init>(IOSDriver.java:90)
  testUtils.Base_test.setUp(Base_test.java:40)
  sun.reflect.NativeMethodAccessorImpl.invoke0(Native Method)
  sun.reflect.NativeMethodAccessorImpl.invoke(NativeMethodAccessorImpl.java:62)
  sun.reflect.DelegatingMethodAccessorImpl.invoke(DelegatingMethodAccessorImpl.java:43)
  java.lang.reflect.Method.invoke(Method.java:498)
  org.testng.internal.MethodInvocationHelper.invokeMethod(MethodInvocationHelper.java:124)
  org.testng.internal.MethodInvocationHelper.invokeMethodConsideringTimeout(MethodInvocationHelper.java:59)
  org.testng.internal.Invoker.invokeConfigurationMethod(Invoker.java:458)
  org.testng.internal.Invoker.invokeConfigurations(Invoker.java:222)
  org.testng.internal.Invoker.invokeMethod(Invoker.java:523)
  org.testng.internal.Invoker.invokeTestMethod(Invoker.java:719)
  org.testng.internal.Invoker.invokeTestMethods(Invoker.java:989)
  org.testng.internal.TestMethodWorker.invokeTestMethods(TestMethodWorker.java:125)
  org.testng.internal.TestMethodWorker.run(TestMethodWorker.java:109)
  org.testng.TestRunner.privateRun(TestRunner.java:648)
  org.testng.TestRunner.run(TestRunner.java:505)
  org.testng.SuiteRunner.runTest(SuiteRunner.java:455)
  org.testng.SuiteRunner.runSequentially(SuiteRunner.java:450)
  org.testng.SuiteRunner.privateRun(SuiteRunner.java:415)
  org.testng.SuiteRunner.run(SuiteRunner.java:364)
  org.testng.SuiteRunnerWorker.runSuite(SuiteRunnerWorker.java:52)
  org.testng.SuiteRunnerWorker.run(SuiteRunnerWorker.java:84)
  org.testng.TestNG.runSuitesSequentially(TestNG.java:1208)
  org.testng.TestNG.runSuitesLocally(TestNG.java:1137)
  org.testng.TestNG.runSuites(TestNG.java:1049)
  org.testng.TestNG.run(TestNG.java:1017)
  org.testng.IDEARemoteTestNG.run(IDEARemoteTestNG.java:72)
  org.testng.RemoteTestNGStarter.main(RemoteTestNGStarter.java:123)
Caused by: java.net.ConnectException: Connection refused (Connection refused)
  java.net.PlainSocketImpl.socketConnect(Native Method)
  java.net.AbstractPlainSocketImpl.doConnect(AbstractPlainSocketImpl.java:350)
  java.net.AbstractPlainSocketImpl.connectToAddress(AbstractPlainSocketImpl.java:206)
  java.net.AbstractPlainSocketImpl.connect(AbstractPlainSocketImpl.java:188)
  java.net.SocksSocketImpl.connect(SocksSocketImpl.java:392)
  java.net.Socket.connect(Socket.java:589)
  okhttp3.internal.platform.Platform.connectSocket(Platform.java:125)
  okhttp3.internal.connection.RealConnection.connectSocket(RealConnection.java:238)
  okhttp3.internal.connection.RealConnection.connect(RealConnection.java:158)
  okhttp3.internal.connection.StreamAllocation.findConnection(StreamAllocation.java:256)
  okhttp3.internal.connection.StreamAllocation.findHealthyConnection(StreamAllocation.java:134)
  okhttp3.internal.connection.StreamAllocation.newStream(StreamAllocation.java:113)
  okhttp3.internal.connection.ConnectInterceptor.intercept(ConnectInterceptor.java:42)
  okhttp3.internal.http.RealInterceptorChain.proceed(RealInterceptorChain.java:147)
  okhttp3.internal.http.RealInterceptorChain.proceed(RealInterceptorChain.java:121)
  okhttp3.internal.cache.CacheInterceptor.intercept(CacheInterceptor.java:93)
  okhttp3.internal.http.RealInterceptorChain.proceed(RealInterceptorChain.java:147)
  okhttp3.internal.http.RealInterceptorChain.proceed(RealInterceptorChain.java:121)
  okhttp3.internal.http.BridgeInterceptor.intercept(BridgeInterceptor.java:93)
  okhttp3.internal.http.RealInterceptorChain.proceed(RealInterceptorChain.java:147)
  okhttp3.internal.http.RetryAndFollowUpInterceptor.intercept(RetryAndFollowUpInterceptor.java:125)
  okhttp3.internal.http.RealInterceptorChain.proceed(RealInterceptorChain.java:147)
  okhttp3.internal.http.RealInterceptorChain.proceed(RealInterceptorChain.java:121)
  okhttp3.RealCall.getResponseWithInterceptorChain(RealCall.java:200)
  okhttp3.RealCall.execute(RealCall.java:77)
  org.openqa.selenium.remote.internal.OkHttpClient.execute(OkHttpClient.java:105)
  org.openqa.selenium.remote.ProtocolHandshake.createSession(ProtocolHandshake.java:101)
  sun.reflect.NativeMethodAccessorImpl.invoke0(Native Method)
  sun.reflect.NativeMethodAccessorImpl.invoke(NativeMethodAccessorImpl.java:62)
  sun.reflect.DelegatingMethodAccessorImpl.invoke(DelegatingMethodAccessorImpl.java:43)
  java.lang.reflect.Method.invoke(Method.java:498)
  io.appium.java_client.remote.AppiumCommandExecutor$1.createSession(AppiumCommandExecutor.java:172)
  io.appium.java_client.remote.AppiumCommandExecutor.createSession(AppiumCommandExecutor.java:196)
  io.appium.java_client.remote.AppiumCommandExecutor.execute(AppiumCommandExecutor.java:218)
  org.openqa.selenium.remote.RemoteWebDriver.execute(RemoteWebDriver.java:543)
  io.appium.java_client.DefaultGenericMobileDriver.execute(DefaultGenericMobileDriver.java:42)
  io.appium.java_client.AppiumDriver.execute(AppiumDriver.java:1)
  io.appium.java_client.ios.IOSDriver.execute(IOSDriver.java:1)
  org.openqa.selenium.remote.RemoteWebDriver.startSession(RemoteWebDriver.java:207)
  org.openqa.selenium.remote.RemoteWebDriver.<init>(RemoteWebDriver.java:130)
  io.appium.java_client.DefaultGenericMobileDriver.<init>(DefaultGenericMobileDriver.java:38)
  io.appium.java_client.AppiumDriver.<init>(AppiumDriver.java:84)
  io.appium.java_client.AppiumDriver.<init>(AppiumDriver.java:94)
  io.appium.java_client.ios.IOSDriver.<init>(IOSDriver.java:90)
  testUtils.Base_test.setUp(Base_test.java:40)
  sun.reflect.NativeMethodAccessorImpl.invoke0(Native Method)
  sun.reflect.NativeMethodAccessorImpl.invoke(NativeMethodAccessorImpl.java:62)
  sun.reflect.DelegatingMethodAccessorImpl.invoke(DelegatingMethodAccessorImpl.java:43)
  java.lang.reflect.Method.invoke(Method.java:498)
  org.testng.internal.MethodInvocationHelper.invokeMethod(MethodInvocationHelper.java:124)
  org.testng.internal.MethodInvocationHelper.invokeMethodConsideringTimeout(MethodInvocationHelper.java:59)
  org.testng.internal.Invoker.invokeConfigurationMethod(Invoker.java:458)
  org.testng.internal.Invoker.invokeConfigurations(Invoker.java:222)
  org.testng.internal.Invoker.invokeMethod(Invoker.java:523)
  org.testng.internal.Invoker.invokeTestMethod(Invoker.java:719)
  org.testng.internal.Invoker.invokeTestMethods(Invoker.java:989)
  org.testng.internal.TestMethodWorker.invokeTestMethods(TestMethodWorker.java:125)
  org.testng.internal.TestMethodWorker.run(TestMethodWorker.java:109)
  org.testng.TestRunner.privateRun(TestRunner.java:648)
  org.testng.TestRunner.run(TestRunner.java:505)
  org.testng.SuiteRunner.runTest(SuiteRunner.java:455)
  org.testng.SuiteRunner.runSequentially(SuiteRunner.java:450)
  org.testng.SuiteRunner.privateRun(SuiteRunner.java:415)
  org.testng.SuiteRunner.run(SuiteRunner.java:364)
  org.testng.SuiteRunnerWorker.runSuite(SuiteRunnerWorker.java:52)
  org.testng.SuiteRunnerWorker.run(SuiteRunnerWorker.java:84)
  org.testng.TestNG.runSuitesSequentially(TestNG.java:1208)
  org.testng.TestNG.runSuitesLocally(TestNG.java:1137)
  org.testng.TestNG.runSuites(TestNG.java:1049)
  org.testng.TestNG.run(TestNG.java:1017)
  org.testng.IDEARemoteTestNG.run(IDEARemoteTestNG.java:72)
  org.testng.RemoteTestNGStarter.main(RemoteTestNGStarter.java:123)
]]>
      </failure>

          </testcase>
  
            <testcase name="setUp" time="0.0" classname="Onboarding_tests.personalDetailsTests">
          <skipped />
    </testcase>
            <testcase name="beforeMethod" time="0.0" classname="Onboarding_tests.personalDetailsTests">
          <skipped />
    </testcase>
            <testcase name="takeScreenShot" time="0.0" classname="Onboarding_tests.personalDetailsTests">
          <skipped />
    </testcase>
            <testcase name="beforeMethod" time="0.0" classname="Onboarding_tests.personalDetailsTests">
          <skipped />
    </testcase>
            <testcase name="beforeMethod" time="0.0" classname="Onboarding_tests.personalDetailsTests">
          <skipped />
    </testcase>
            <testcase name="takeScreenShot" time="0.0" classname="Onboarding_tests.personalDetailsTests">
          <skipped />
    </testcase>
            <testcase name="takeScreenShot" time="0.0" classname="Onboarding_tests.personalDetailsTests">
          <skipped />
    </testcase>
            <testcase name="setUp" time="0.0" classname="Onboarding_tests.personalDetailsTests">
          <skipped />
    </testcase>
            <testcase name="CUICE4141" time="0.0" classname="Onboarding_tests.personalDetailsTests">
          <skipped />
    </testcase>
            <testcase name="CUICE4144" time="0.0" classname="Onboarding_tests.personalDetailsTests">
          <skipped />
    </testcase>
            <testcase name="CUICE4142" time="0.0" classname="Onboarding_tests.personalDetailsTests">
          <skipped />
    </testcase>
  
  
</testsuite>
