<?xml version="1.0" encoding="UTF-8"?>
<testng-results skipped="0" failed="9" ignored="0" total="38" passed="29">
  <reporter-output>
  </reporter-output>
  <suite name="Onboarding" duration-ms="2572695" started-at="2018-08-27T16:58:05Z" finished-at="2018-08-27T17:40:58Z">
    <groups>
    </groups>
    <test name="Set Up Test" duration-ms="449190" started-at="2018-08-27T16:58:05Z" finished-at="2018-08-27T17:05:34Z">
      <class name="Onboarding_tests.SetUpTests">
        <test-method status="PASS" signature="setUp()[pri:0, instance:Onboarding_tests.SetUpTests@47f6473]" name="setUp" is-config="true" duration-ms="39727" started-at="2018-08-27T16:58:05Z" finished-at="2018-08-27T16:58:45Z">
          <reporter-output>
          </reporter-output>
        </test-method> <!-- setUp -->
        <test-method status="PASS" signature="beforeMethod()[pri:0, instance:Onboarding_tests.SetUpTests@47f6473]" name="beforeMethod" is-config="true" duration-ms="9658" started-at="2018-08-27T16:58:45Z" finished-at="2018-08-27T16:58:54Z">
          <reporter-output>
          </reporter-output>
        </test-method> <!-- beforeMethod -->
        <test-method status="PASS" signature="CUICE4445()[pri:1, instance:Onboarding_tests.SetUpTests@47f6473]" name="CUICE4445" duration-ms="6519" started-at="2018-08-27T16:58:54Z" description="Phone Number Entry Field Displayed" finished-at="2018-08-27T16:59:01Z">
          <reporter-output>
          </reporter-output>
        </test-method> <!-- CUICE4445 -->
        <test-method status="PASS" signature="takeScreenShot()[pri:0, instance:Onboarding_tests.SetUpTests@47f6473]" name="takeScreenShot" is-config="true" duration-ms="552" started-at="2018-08-27T16:59:01Z" finished-at="2018-08-27T16:59:01Z">
          <reporter-output>
          </reporter-output>
        </test-method> <!-- takeScreenShot -->
        <test-method status="PASS" signature="setUp()[pri:0, instance:Onboarding_tests.SetUpTests@47f6473]" name="setUp" is-config="true" duration-ms="8835" started-at="2018-08-27T16:59:01Z" finished-at="2018-08-27T16:59:10Z">
          <reporter-output>
          </reporter-output>
        </test-method> <!-- setUp -->
        <test-method status="PASS" signature="beforeMethod()[pri:0, instance:Onboarding_tests.SetUpTests@47f6473]" name="beforeMethod" is-config="true" duration-ms="8725" started-at="2018-08-27T16:59:10Z" finished-at="2018-08-27T16:59:19Z">
          <reporter-output>
          </reporter-output>
        </test-method> <!-- beforeMethod -->
        <test-method status="PASS" signature="CUICE4446()[pri:2, instance:Onboarding_tests.SetUpTests@47f6473]" name="CUICE4446" duration-ms="9633" started-at="2018-08-27T16:59:19Z" description="Phone Number Keyboard Displayed" finished-at="2018-08-27T16:59:29Z">
          <reporter-output>
          </reporter-output>
        </test-method> <!-- CUICE4446 -->
        <test-method status="PASS" signature="takeScreenShot()[pri:0, instance:Onboarding_tests.SetUpTests@47f6473]" name="takeScreenShot" is-config="true" duration-ms="497" started-at="2018-08-27T16:59:29Z" finished-at="2018-08-27T16:59:29Z">
          <reporter-output>
          </reporter-output>
        </test-method> <!-- takeScreenShot -->
        <test-method status="PASS" signature="setUp()[pri:0, instance:Onboarding_tests.SetUpTests@47f6473]" name="setUp" is-config="true" duration-ms="8287" started-at="2018-08-27T16:59:29Z" finished-at="2018-08-27T16:59:37Z">
          <reporter-output>
          </reporter-output>
        </test-method> <!-- setUp -->
        <test-method status="PASS" signature="beforeMethod()[pri:0, instance:Onboarding_tests.SetUpTests@47f6473]" name="beforeMethod" is-config="true" duration-ms="9085" started-at="2018-08-27T16:59:37Z" finished-at="2018-08-27T16:59:46Z">
          <reporter-output>
          </reporter-output>
        </test-method> <!-- beforeMethod -->
        <test-method status="PASS" signature="CUICE4447()[pri:3, instance:Onboarding_tests.SetUpTests@47f6473]" name="CUICE4447" duration-ms="7995" started-at="2018-08-27T16:59:46Z" description="Phone Number Validation valid phone number" finished-at="2018-08-27T16:59:54Z">
          <reporter-output>
          </reporter-output>
        </test-method> <!-- CUICE4447 -->
        <test-method status="PASS" signature="takeScreenShot()[pri:0, instance:Onboarding_tests.SetUpTests@47f6473]" name="takeScreenShot" is-config="true" duration-ms="419" started-at="2018-08-27T16:59:54Z" finished-at="2018-08-27T16:59:55Z">
          <reporter-output>
          </reporter-output>
        </test-method> <!-- takeScreenShot -->
        <test-method status="PASS" signature="setUp()[pri:0, instance:Onboarding_tests.SetUpTests@47f6473]" name="setUp" is-config="true" duration-ms="8413" started-at="2018-08-27T16:59:55Z" finished-at="2018-08-27T17:00:03Z">
          <reporter-output>
          </reporter-output>
        </test-method> <!-- setUp -->
        <test-method status="PASS" signature="beforeMethod()[pri:0, instance:Onboarding_tests.SetUpTests@47f6473]" name="beforeMethod" is-config="true" duration-ms="8932" started-at="2018-08-27T17:00:03Z" finished-at="2018-08-27T17:00:12Z">
          <reporter-output>
          </reporter-output>
        </test-method> <!-- beforeMethod -->
        <test-method status="PASS" signature="CUICE4448()[pri:4, instance:Onboarding_tests.SetUpTests@47f6473]" name="CUICE4448" duration-ms="20061" started-at="2018-08-27T17:00:12Z" description="Phone Number Validation invalid phone number" finished-at="2018-08-27T17:00:32Z">
          <reporter-output>
          </reporter-output>
        </test-method> <!-- CUICE4448 -->
        <test-method status="PASS" signature="takeScreenShot()[pri:0, instance:Onboarding_tests.SetUpTests@47f6473]" name="takeScreenShot" is-config="true" duration-ms="363" started-at="2018-08-27T17:00:32Z" finished-at="2018-08-27T17:00:33Z">
          <reporter-output>
          </reporter-output>
        </test-method> <!-- takeScreenShot -->
        <test-method status="PASS" signature="setUp()[pri:0, instance:Onboarding_tests.SetUpTests@47f6473]" name="setUp" is-config="true" duration-ms="8312" started-at="2018-08-27T17:00:33Z" finished-at="2018-08-27T17:00:41Z">
          <reporter-output>
          </reporter-output>
        </test-method> <!-- setUp -->
        <test-method status="PASS" signature="beforeMethod()[pri:0, instance:Onboarding_tests.SetUpTests@47f6473]" name="beforeMethod" is-config="true" duration-ms="8982" started-at="2018-08-27T17:00:41Z" finished-at="2018-08-27T17:00:50Z">
          <reporter-output>
          </reporter-output>
        </test-method> <!-- beforeMethod -->
        <test-method status="PASS" signature="CUICE4343()[pri:5, instance:Onboarding_tests.SetUpTests@47f6473]" name="CUICE4343" duration-ms="10886" started-at="2018-08-27T17:00:50Z" description="Email Keyboard Entry" finished-at="2018-08-27T17:01:01Z">
          <reporter-output>
          </reporter-output>
        </test-method> <!-- CUICE4343 -->
        <test-method status="PASS" signature="takeScreenShot()[pri:0, instance:Onboarding_tests.SetUpTests@47f6473]" name="takeScreenShot" is-config="true" duration-ms="369" started-at="2018-08-27T17:01:01Z" finished-at="2018-08-27T17:01:01Z">
          <reporter-output>
          </reporter-output>
        </test-method> <!-- takeScreenShot -->
        <test-method status="PASS" signature="setUp()[pri:0, instance:Onboarding_tests.SetUpTests@47f6473]" name="setUp" is-config="true" duration-ms="9056" started-at="2018-08-27T17:01:01Z" finished-at="2018-08-27T17:01:10Z">
          <reporter-output>
          </reporter-output>
        </test-method> <!-- setUp -->
        <test-method status="PASS" signature="beforeMethod()[pri:0, instance:Onboarding_tests.SetUpTests@47f6473]" name="beforeMethod" is-config="true" duration-ms="9499" started-at="2018-08-27T17:01:10Z" finished-at="2018-08-27T17:01:20Z">
          <reporter-output>
          </reporter-output>
        </test-method> <!-- beforeMethod -->
        <test-method status="PASS" signature="CUICE4344()[pri:6, instance:Onboarding_tests.SetUpTests@47f6473]" name="CUICE4344" duration-ms="12085" started-at="2018-08-27T17:01:20Z" description="Display Email Address Field" finished-at="2018-08-27T17:01:32Z">
          <reporter-output>
          </reporter-output>
        </test-method> <!-- CUICE4344 -->
        <test-method status="PASS" signature="takeScreenShot()[pri:0, instance:Onboarding_tests.SetUpTests@47f6473]" name="takeScreenShot" is-config="true" duration-ms="418" started-at="2018-08-27T17:01:32Z" finished-at="2018-08-27T17:01:32Z">
          <reporter-output>
          </reporter-output>
        </test-method> <!-- takeScreenShot -->
        <test-method status="PASS" signature="setUp()[pri:0, instance:Onboarding_tests.SetUpTests@47f6473]" name="setUp" is-config="true" duration-ms="8449" started-at="2018-08-27T17:01:32Z" finished-at="2018-08-27T17:01:41Z">
          <reporter-output>
          </reporter-output>
        </test-method> <!-- setUp -->
        <test-method status="PASS" signature="beforeMethod()[pri:0, instance:Onboarding_tests.SetUpTests@47f6473]" name="beforeMethod" is-config="true" duration-ms="8794" started-at="2018-08-27T17:01:41Z" finished-at="2018-08-27T17:01:50Z">
          <reporter-output>
          </reporter-output>
        </test-method> <!-- beforeMethod -->
        <test-method status="PASS" signature="CUICE4345()[pri:7, instance:Onboarding_tests.SetUpTests@47f6473]" name="CUICE4345" duration-ms="33629" started-at="2018-08-27T17:01:50Z" description="Email Address Validation positive email" finished-at="2018-08-27T17:02:23Z">
          <reporter-output>
          </reporter-output>
        </test-method> <!-- CUICE4345 -->
        <test-method status="PASS" signature="takeScreenShot()[pri:0, instance:Onboarding_tests.SetUpTests@47f6473]" name="takeScreenShot" is-config="true" duration-ms="456" started-at="2018-08-27T17:02:23Z" finished-at="2018-08-27T17:02:24Z">
          <reporter-output>
          </reporter-output>
        </test-method> <!-- takeScreenShot -->
        <test-method status="PASS" signature="setUp()[pri:0, instance:Onboarding_tests.SetUpTests@47f6473]" name="setUp" is-config="true" duration-ms="8367" started-at="2018-08-27T17:02:24Z" finished-at="2018-08-27T17:02:32Z">
          <reporter-output>
          </reporter-output>
        </test-method> <!-- setUp -->
        <test-method status="PASS" signature="beforeMethod()[pri:0, instance:Onboarding_tests.SetUpTests@47f6473]" name="beforeMethod" is-config="true" duration-ms="8985" started-at="2018-08-27T17:02:32Z" finished-at="2018-08-27T17:02:41Z">
          <reporter-output>
          </reporter-output>
        </test-method> <!-- beforeMethod -->
        <test-method status="FAIL" signature="CUICE4346()[pri:8, instance:Onboarding_tests.SetUpTests@47f6473]" name="CUICE4346" duration-ms="59415" started-at="2018-08-27T17:02:41Z" description="Email Address Validation invalid email" finished-at="2018-08-27T17:03:40Z">
          <exception class="java.lang.AssertionError">
            <message>
              <![CDATA[expected [true] but found [false]]]>
            </message>
            <full-stacktrace>
              <![CDATA[java.lang.AssertionError: expected [true] but found [false]
at org.testng.Assert.fail(Assert.java:96)
at org.testng.Assert.failNotEquals(Assert.java:776)
at org.testng.Assert.assertTrue(Assert.java:44)
at org.testng.Assert.assertTrue(Assert.java:54)
at Onboarding_tests.SetUpTests.CUICE4346(SetUpTests.java:62)
at sun.reflect.NativeMethodAccessorImpl.invoke0(Native Method)
at sun.reflect.NativeMethodAccessorImpl.invoke(NativeMethodAccessorImpl.java:62)
at sun.reflect.DelegatingMethodAccessorImpl.invoke(DelegatingMethodAccessorImpl.java:43)
at java.lang.reflect.Method.invoke(Method.java:498)
at org.testng.internal.MethodInvocationHelper.invokeMethod(MethodInvocationHelper.java:124)
at org.testng.internal.Invoker.invokeMethod(Invoker.java:583)
at org.testng.internal.Invoker.invokeTestMethod(Invoker.java:719)
at org.testng.internal.Invoker.invokeTestMethods(Invoker.java:989)
at org.testng.internal.TestMethodWorker.invokeTestMethods(TestMethodWorker.java:125)
at org.testng.internal.TestMethodWorker.run(TestMethodWorker.java:109)
at org.testng.TestRunner.privateRun(TestRunner.java:648)
at org.testng.TestRunner.run(TestRunner.java:505)
at org.testng.SuiteRunner.runTest(SuiteRunner.java:455)
at org.testng.SuiteRunner.runSequentially(SuiteRunner.java:450)
at org.testng.SuiteRunner.privateRun(SuiteRunner.java:415)
at org.testng.SuiteRunner.run(SuiteRunner.java:364)
at org.testng.SuiteRunnerWorker.runSuite(SuiteRunnerWorker.java:52)
at org.testng.SuiteRunnerWorker.run(SuiteRunnerWorker.java:84)
at org.testng.TestNG.runSuitesSequentially(TestNG.java:1208)
at org.testng.TestNG.runSuitesLocally(TestNG.java:1137)
at org.testng.TestNG.runSuites(TestNG.java:1049)
at org.testng.TestNG.run(TestNG.java:1017)
at org.testng.IDEARemoteTestNG.run(IDEARemoteTestNG.java:72)
at org.testng.RemoteTestNGStarter.main(RemoteTestNGStarter.java:123)
]]>
            </full-stacktrace>
          </exception> <!-- java.lang.AssertionError -->
          <reporter-output>
          </reporter-output>
        </test-method> <!-- CUICE4346 -->
        <test-method status="PASS" signature="takeScreenShot()[pri:0, instance:Onboarding_tests.SetUpTests@47f6473]" name="takeScreenShot" is-config="true" duration-ms="517" started-at="2018-08-27T17:03:40Z" finished-at="2018-08-27T17:03:41Z">
          <reporter-output>
          </reporter-output>
        </test-method> <!-- takeScreenShot -->
        <test-method status="PASS" signature="setUp()[pri:0, instance:Onboarding_tests.SetUpTests@47f6473]" name="setUp" is-config="true" duration-ms="8339" started-at="2018-08-27T17:03:41Z" finished-at="2018-08-27T17:03:49Z">
          <reporter-output>
          </reporter-output>
        </test-method> <!-- setUp -->
        <test-method status="PASS" signature="beforeMethod()[pri:0, instance:Onboarding_tests.SetUpTests@47f6473]" name="beforeMethod" is-config="true" duration-ms="9432" started-at="2018-08-27T17:03:49Z" finished-at="2018-08-27T17:03:59Z">
          <reporter-output>
          </reporter-output>
        </test-method> <!-- beforeMethod -->
        <test-method status="PASS" signature="CUICE4105()[pri:9, instance:Onboarding_tests.SetUpTests@47f6473]" name="CUICE4105" duration-ms="16995" started-at="2018-08-27T17:03:59Z" description="Default to Application Start Page Once Mobile Set Up is Complete" finished-at="2018-08-27T17:04:16Z">
          <reporter-output>
          </reporter-output>
        </test-method> <!-- CUICE4105 -->
        <test-method status="PASS" signature="takeScreenShot()[pri:0, instance:Onboarding_tests.SetUpTests@47f6473]" name="takeScreenShot" is-config="true" duration-ms="504" started-at="2018-08-27T17:04:16Z" finished-at="2018-08-27T17:04:16Z">
          <reporter-output>
          </reporter-output>
        </test-method> <!-- takeScreenShot -->
        <test-method status="PASS" signature="setUp()[pri:0, instance:Onboarding_tests.SetUpTests@47f6473]" name="setUp" is-config="true" duration-ms="8506" started-at="2018-08-27T17:04:16Z" finished-at="2018-08-27T17:04:25Z">
          <reporter-output>
          </reporter-output>
        </test-method> <!-- setUp -->
        <test-method status="PASS" signature="beforeMethod()[pri:0, instance:Onboarding_tests.SetUpTests@47f6473]" name="beforeMethod" is-config="true" duration-ms="8937" started-at="2018-08-27T17:04:25Z" finished-at="2018-08-27T17:04:34Z">
          <reporter-output>
          </reporter-output>
        </test-method> <!-- beforeMethod -->
        <test-method status="PASS" signature="CUICE4815()[pri:10, instance:Onboarding_tests.SetUpTests@47f6473]" name="CUICE4815" duration-ms="21634" started-at="2018-08-27T17:04:34Z" description="Application Start Screen Description" finished-at="2018-08-27T17:04:55Z">
          <reporter-output>
          </reporter-output>
        </test-method> <!-- CUICE4815 -->
        <test-method status="PASS" signature="takeScreenShot()[pri:0, instance:Onboarding_tests.SetUpTests@47f6473]" name="takeScreenShot" is-config="true" duration-ms="530" started-at="2018-08-27T17:04:55Z" finished-at="2018-08-27T17:04:56Z">
          <reporter-output>
          </reporter-output>
        </test-method> <!-- takeScreenShot -->
        <test-method status="PASS" signature="setUp()[pri:0, instance:Onboarding_tests.SetUpTests@47f6473]" name="setUp" is-config="true" duration-ms="8350" started-at="2018-08-27T17:04:56Z" finished-at="2018-08-27T17:05:04Z">
          <reporter-output>
          </reporter-output>
        </test-method> <!-- setUp -->
        <test-method status="PASS" signature="beforeMethod()[pri:0, instance:Onboarding_tests.SetUpTests@47f6473]" name="beforeMethod" is-config="true" duration-ms="9295" started-at="2018-08-27T17:05:04Z" finished-at="2018-08-27T17:05:13Z">
          <reporter-output>
          </reporter-output>
        </test-method> <!-- beforeMethod -->
        <test-method status="PASS" signature="CUICE4816()[pri:11, instance:Onboarding_tests.SetUpTests@47f6473]" name="CUICE4816" duration-ms="20241" started-at="2018-08-27T17:05:13Z" description="Application Start Screen Navigation - Continue" finished-at="2018-08-27T17:05:34Z">
          <reporter-output>
          </reporter-output>
        </test-method> <!-- CUICE4816 -->
        <test-method status="PASS" signature="takeScreenShot()[pri:0, instance:Onboarding_tests.SetUpTests@47f6473]" name="takeScreenShot" is-config="true" duration-ms="449" started-at="2018-08-27T17:05:34Z" finished-at="2018-08-27T17:05:34Z">
          <reporter-output>
          </reporter-output>
        </test-method> <!-- takeScreenShot -->
      </class> <!-- Onboarding_tests.SetUpTests -->
    </test> <!-- Set Up Test -->
    <test name="Business Search Tests" duration-ms="518457" started-at="2018-08-27T17:05:34Z" finished-at="2018-08-27T17:14:13Z">
      <class name="Onboarding_tests.businessSearchTests">
        <test-method status="PASS" signature="setUp()[pri:0, instance:Onboarding_tests.businessSearchTests@59e84876]" name="setUp" is-config="true" duration-ms="8257" started-at="2018-08-27T17:05:34Z" finished-at="2018-08-27T17:05:42Z">
          <reporter-output>
          </reporter-output>
        </test-method> <!-- setUp -->
        <test-method status="PASS" signature="beforeMethod()[pri:0, instance:Onboarding_tests.businessSearchTests@59e84876]" name="beforeMethod" is-config="true" duration-ms="9147" started-at="2018-08-27T17:05:42Z" finished-at="2018-08-27T17:05:52Z">
          <reporter-output>
          </reporter-output>
        </test-method> <!-- beforeMethod -->
        <test-method status="PASS" signature="CUICE3978()[pri:1, instance:Onboarding_tests.businessSearchTests@59e84876]" name="CUICE3978" duration-ms="23578" started-at="2018-08-27T17:05:52Z" description="Alphanumeric Keyboard Entry" finished-at="2018-08-27T17:06:15Z">
          <reporter-output>
          </reporter-output>
        </test-method> <!-- CUICE3978 -->
        <test-method status="PASS" signature="takeScreenShot()[pri:0, instance:Onboarding_tests.businessSearchTests@59e84876]" name="takeScreenShot" is-config="true" duration-ms="601" started-at="2018-08-27T17:06:15Z" finished-at="2018-08-27T17:06:16Z">
          <reporter-output>
          </reporter-output>
        </test-method> <!-- takeScreenShot -->
        <test-method status="PASS" signature="setUp()[pri:0, instance:Onboarding_tests.businessSearchTests@59e84876]" name="setUp" is-config="true" duration-ms="8430" started-at="2018-08-27T17:06:16Z" finished-at="2018-08-27T17:06:24Z">
          <reporter-output>
          </reporter-output>
        </test-method> <!-- setUp -->
        <test-method status="PASS" signature="beforeMethod()[pri:0, instance:Onboarding_tests.businessSearchTests@59e84876]" name="beforeMethod" is-config="true" duration-ms="9409" started-at="2018-08-27T17:06:24Z" finished-at="2018-08-27T17:06:34Z">
          <reporter-output>
          </reporter-output>
        </test-method> <!-- beforeMethod -->
        <test-method status="PASS" signature="CUICE3979()[pri:2, instance:Onboarding_tests.businessSearchTests@59e84876]" name="CUICE3979" duration-ms="29276" started-at="2018-08-27T17:06:34Z" description="Search Business By Name" finished-at="2018-08-27T17:07:03Z">
          <reporter-output>
          </reporter-output>
        </test-method> <!-- CUICE3979 -->
        <test-method status="PASS" signature="takeScreenShot()[pri:0, instance:Onboarding_tests.businessSearchTests@59e84876]" name="takeScreenShot" is-config="true" duration-ms="532" started-at="2018-08-27T17:07:03Z" finished-at="2018-08-27T17:07:03Z">
          <reporter-output>
          </reporter-output>
        </test-method> <!-- takeScreenShot -->
        <test-method status="PASS" signature="setUp()[pri:0, instance:Onboarding_tests.businessSearchTests@59e84876]" name="setUp" is-config="true" duration-ms="8326" started-at="2018-08-27T17:07:03Z" finished-at="2018-08-27T17:07:12Z">
          <reporter-output>
          </reporter-output>
        </test-method> <!-- setUp -->
        <test-method status="PASS" signature="beforeMethod()[pri:0, instance:Onboarding_tests.businessSearchTests@59e84876]" name="beforeMethod" is-config="true" duration-ms="9196" started-at="2018-08-27T17:07:12Z" finished-at="2018-08-27T17:07:21Z">
          <reporter-output>
          </reporter-output>
        </test-method> <!-- beforeMethod -->
        <test-method status="PASS" signature="CUICE3980()[pri:3, instance:Onboarding_tests.businessSearchTests@59e84876]" name="CUICE3980" duration-ms="44409" started-at="2018-08-27T17:07:21Z" description="Search Company By Registration Number" finished-at="2018-08-27T17:08:05Z">
          <reporter-output>
          </reporter-output>
        </test-method> <!-- CUICE3980 -->
        <test-method status="PASS" signature="takeScreenShot()[pri:0, instance:Onboarding_tests.businessSearchTests@59e84876]" name="takeScreenShot" is-config="true" duration-ms="469" started-at="2018-08-27T17:08:05Z" finished-at="2018-08-27T17:08:06Z">
          <reporter-output>
          </reporter-output>
        </test-method> <!-- takeScreenShot -->
        <test-method status="PASS" signature="setUp()[pri:0, instance:Onboarding_tests.businessSearchTests@59e84876]" name="setUp" is-config="true" duration-ms="8543" started-at="2018-08-27T17:08:06Z" finished-at="2018-08-27T17:08:14Z">
          <reporter-output>
          </reporter-output>
        </test-method> <!-- setUp -->
        <test-method status="PASS" signature="beforeMethod()[pri:0, instance:Onboarding_tests.businessSearchTests@59e84876]" name="beforeMethod" is-config="true" duration-ms="9414" started-at="2018-08-27T17:08:14Z" finished-at="2018-08-27T17:08:24Z">
          <reporter-output>
          </reporter-output>
        </test-method> <!-- beforeMethod -->
        <test-method status="PASS" signature="CUICE3981()[pri:4, instance:Onboarding_tests.businessSearchTests@59e84876]" name="CUICE3981" duration-ms="24214" started-at="2018-08-27T17:08:24Z" description="Search by Business Name - No Business Found" finished-at="2018-08-27T17:08:48Z">
          <reporter-output>
          </reporter-output>
        </test-method> <!-- CUICE3981 -->
        <test-method status="PASS" signature="takeScreenShot()[pri:0, instance:Onboarding_tests.businessSearchTests@59e84876]" name="takeScreenShot" is-config="true" duration-ms="614" started-at="2018-08-27T17:08:48Z" finished-at="2018-08-27T17:08:49Z">
          <reporter-output>
          </reporter-output>
        </test-method> <!-- takeScreenShot -->
        <test-method status="PASS" signature="setUp()[pri:0, instance:Onboarding_tests.businessSearchTests@59e84876]" name="setUp" is-config="true" duration-ms="8387" started-at="2018-08-27T17:08:49Z" finished-at="2018-08-27T17:08:57Z">
          <reporter-output>
          </reporter-output>
        </test-method> <!-- setUp -->
        <test-method status="PASS" signature="beforeMethod()[pri:0, instance:Onboarding_tests.businessSearchTests@59e84876]" name="beforeMethod" is-config="true" duration-ms="9853" started-at="2018-08-27T17:08:57Z" finished-at="2018-08-27T17:09:07Z">
          <reporter-output>
          </reporter-output>
        </test-method> <!-- beforeMethod -->
        <test-method status="PASS" signature="CUICE3982()[pri:5, instance:Onboarding_tests.businessSearchTests@59e84876]" name="CUICE3982" duration-ms="24246" started-at="2018-08-27T17:09:07Z" description="Search by Company Registration Number - No Business Found" finished-at="2018-08-27T17:09:31Z">
          <reporter-output>
          </reporter-output>
        </test-method> <!-- CUICE3982 -->
        <test-method status="PASS" signature="takeScreenShot()[pri:0, instance:Onboarding_tests.businessSearchTests@59e84876]" name="takeScreenShot" is-config="true" duration-ms="410" started-at="2018-08-27T17:09:31Z" finished-at="2018-08-27T17:09:32Z">
          <reporter-output>
          </reporter-output>
        </test-method> <!-- takeScreenShot -->
        <test-method status="PASS" signature="setUp()[pri:0, instance:Onboarding_tests.businessSearchTests@59e84876]" name="setUp" is-config="true" duration-ms="8539" started-at="2018-08-27T17:09:32Z" finished-at="2018-08-27T17:09:40Z">
          <reporter-output>
          </reporter-output>
        </test-method> <!-- setUp -->
        <test-method status="PASS" signature="beforeMethod()[pri:0, instance:Onboarding_tests.businessSearchTests@59e84876]" name="beforeMethod" is-config="true" duration-ms="9794" started-at="2018-08-27T17:09:40Z" finished-at="2018-08-27T17:09:50Z">
          <reporter-output>
          </reporter-output>
        </test-method> <!-- beforeMethod -->
        <test-method status="PASS" signature="CUICE3995()[pri:6, instance:Onboarding_tests.businessSearchTests@59e84876]" name="CUICE3995" duration-ms="38719" started-at="2018-08-27T17:09:50Z" description="Selection of company" finished-at="2018-08-27T17:10:29Z">
          <reporter-output>
          </reporter-output>
        </test-method> <!-- CUICE3995 -->
        <test-method status="PASS" signature="takeScreenShot()[pri:0, instance:Onboarding_tests.businessSearchTests@59e84876]" name="takeScreenShot" is-config="true" duration-ms="488" started-at="2018-08-27T17:10:29Z" finished-at="2018-08-27T17:10:29Z">
          <reporter-output>
          </reporter-output>
        </test-method> <!-- takeScreenShot -->
        <test-method status="PASS" signature="setUp()[pri:0, instance:Onboarding_tests.businessSearchTests@59e84876]" name="setUp" is-config="true" duration-ms="8400" started-at="2018-08-27T17:10:29Z" finished-at="2018-08-27T17:10:37Z">
          <reporter-output>
          </reporter-output>
        </test-method> <!-- setUp -->
        <test-method status="PASS" signature="beforeMethod()[pri:0, instance:Onboarding_tests.businessSearchTests@59e84876]" name="beforeMethod" is-config="true" duration-ms="9643" started-at="2018-08-27T17:10:37Z" finished-at="2018-08-27T17:10:47Z">
          <reporter-output>
          </reporter-output>
        </test-method> <!-- beforeMethod -->
        <test-method status="PASS" signature="CUICE3996()[pri:7, instance:Onboarding_tests.businessSearchTests@59e84876]" name="CUICE3996" duration-ms="41196" started-at="2018-08-27T17:10:47Z" description="Go Back To Searching a company" finished-at="2018-08-27T17:11:28Z">
          <reporter-output>
          </reporter-output>
        </test-method> <!-- CUICE3996 -->
        <test-method status="PASS" signature="takeScreenShot()[pri:0, instance:Onboarding_tests.businessSearchTests@59e84876]" name="takeScreenShot" is-config="true" duration-ms="454" started-at="2018-08-27T17:11:28Z" finished-at="2018-08-27T17:11:29Z">
          <reporter-output>
          </reporter-output>
        </test-method> <!-- takeScreenShot -->
        <test-method status="PASS" signature="setUp()[pri:0, instance:Onboarding_tests.businessSearchTests@59e84876]" name="setUp" is-config="true" duration-ms="8207" started-at="2018-08-27T17:11:29Z" finished-at="2018-08-27T17:11:37Z">
          <reporter-output>
          </reporter-output>
        </test-method> <!-- setUp -->
        <test-method status="PASS" signature="beforeMethod()[pri:0, instance:Onboarding_tests.businessSearchTests@59e84876]" name="beforeMethod" is-config="true" duration-ms="9446" started-at="2018-08-27T17:11:37Z" finished-at="2018-08-27T17:11:46Z">
          <reporter-output>
          </reporter-output>
        </test-method> <!-- beforeMethod -->
        <test-method status="PASS" signature="CUICE5182()[pri:8, instance:Onboarding_tests.businessSearchTests@59e84876]" name="CUICE5182" duration-ms="32294" started-at="2018-08-27T17:11:46Z" description="Cancel a Search" finished-at="2018-08-27T17:12:19Z">
          <reporter-output>
          </reporter-output>
        </test-method> <!-- CUICE5182 -->
        <test-method status="PASS" signature="takeScreenShot()[pri:0, instance:Onboarding_tests.businessSearchTests@59e84876]" name="takeScreenShot" is-config="true" duration-ms="404" started-at="2018-08-27T17:12:19Z" finished-at="2018-08-27T17:12:19Z">
          <reporter-output>
          </reporter-output>
        </test-method> <!-- takeScreenShot -->
        <test-method status="PASS" signature="setUp()[pri:0, instance:Onboarding_tests.businessSearchTests@59e84876]" name="setUp" is-config="true" duration-ms="9350" started-at="2018-08-27T17:12:19Z" finished-at="2018-08-27T17:12:28Z">
          <reporter-output>
          </reporter-output>
        </test-method> <!-- setUp -->
        <test-method status="PASS" signature="beforeMethod()[pri:0, instance:Onboarding_tests.businessSearchTests@59e84876]" name="beforeMethod" is-config="true" duration-ms="10061" started-at="2018-08-27T17:12:28Z" finished-at="2018-08-27T17:12:39Z">
          <reporter-output>
          </reporter-output>
        </test-method> <!-- beforeMethod -->
        <test-method status="PASS" signature="CUICE3998()[pri:9, instance:Onboarding_tests.businessSearchTests@59e84876]" name="CUICE3998" duration-ms="44712" started-at="2018-08-27T17:12:39Z" description="Informated Pre-populated and Displayed to user" finished-at="2018-08-27T17:13:23Z">
          <reporter-output>
          </reporter-output>
        </test-method> <!-- CUICE3998 -->
        <test-method status="PASS" signature="takeScreenShot()[pri:0, instance:Onboarding_tests.businessSearchTests@59e84876]" name="takeScreenShot" is-config="true" duration-ms="739" started-at="2018-08-27T17:13:23Z" finished-at="2018-08-27T17:13:24Z">
          <reporter-output>
          </reporter-output>
        </test-method> <!-- takeScreenShot -->
        <test-method status="PASS" signature="setUp()[pri:0, instance:Onboarding_tests.businessSearchTests@59e84876]" name="setUp" is-config="true" duration-ms="9648" started-at="2018-08-27T17:13:24Z" finished-at="2018-08-27T17:13:34Z">
          <reporter-output>
          </reporter-output>
        </test-method> <!-- setUp -->
        <test-method status="PASS" signature="beforeMethod()[pri:0, instance:Onboarding_tests.businessSearchTests@59e84876]" name="beforeMethod" is-config="true" duration-ms="9884" started-at="2018-08-27T17:13:34Z" finished-at="2018-08-27T17:13:43Z">
          <reporter-output>
          </reporter-output>
        </test-method> <!-- beforeMethod -->
        <test-method status="PASS" signature="CUICE4000()[pri:10, instance:Onboarding_tests.businessSearchTests@59e84876]" name="CUICE4000" duration-ms="28654" started-at="2018-08-27T17:13:43Z" description="Non-Editing of Pre-populated Information" finished-at="2018-08-27T17:14:12Z">
          <reporter-output>
          </reporter-output>
        </test-method> <!-- CUICE4000 -->
        <test-method status="PASS" signature="takeScreenShot()[pri:0, instance:Onboarding_tests.businessSearchTests@59e84876]" name="takeScreenShot" is-config="true" duration-ms="508" started-at="2018-08-27T17:14:12Z" finished-at="2018-08-27T17:14:13Z">
          <reporter-output>
          </reporter-output>
        </test-method> <!-- takeScreenShot -->
      </class> <!-- Onboarding_tests.businessSearchTests -->
    </test> <!-- Business Search Tests -->
    <test name="Business Form Tests" duration-ms="984254" started-at="2018-08-27T17:14:13Z" finished-at="2018-08-27T17:30:37Z">
      <class name="Onboarding_tests.businessFormTests">
        <test-method status="PASS" signature="setUp()[pri:0, instance:Onboarding_tests.businessFormTests@4590c9c3]" name="setUp" is-config="true" duration-ms="8601" started-at="2018-08-27T17:14:13Z" finished-at="2018-08-27T17:14:21Z">
          <reporter-output>
          </reporter-output>
        </test-method> <!-- setUp -->
        <test-method status="PASS" signature="beforeMethod()[pri:0, instance:Onboarding_tests.businessFormTests@4590c9c3]" name="beforeMethod" is-config="true" duration-ms="9896" started-at="2018-08-27T17:14:21Z" finished-at="2018-08-27T17:14:31Z">
          <reporter-output>
          </reporter-output>
        </test-method> <!-- beforeMethod -->
        <test-method status="FAIL" signature="CUICE4581()[pri:1, instance:Onboarding_tests.businessFormTests@4590c9c3]" name="CUICE4581" duration-ms="55033" started-at="2018-08-27T17:14:31Z" description="Display of Trading Address/Business Address Checkboxes" finished-at="2018-08-27T17:15:26Z">
          <exception class="org.openqa.selenium.NoSuchElementException">
            <message>
              <![CDATA[Can't locate an element by this strategy: By.name: radio_button_default.affirmative]]>
            </message>
            <full-stacktrace>
              <![CDATA[org.openqa.selenium.NoSuchElementException: Can't locate an element by this strategy: By.name: radio_button_default.affirmative
at io.appium.java_client.pagefactory.AppiumElementLocator.findElement(AppiumElementLocator.java:126)
at io.appium.java_client.pagefactory.interceptors.InterceptorOfASingleElement.intercept(InterceptorOfASingleElement.java:60)
at io.appium.java_client.ios.IOSElement$$EnhancerByCGLIB$$d311658.getAttribute(<generated>)
at utils.GuiCommands.CheckboxSelected(GuiCommands.java:297)
at pageObjects.BusinessDetailsForm.noDefaultCheckboxSelection(BusinessDetailsForm.java:146)
at Onboarding_tests.businessFormTests.CUICE4581(businessFormTests.java:25)
at sun.reflect.NativeMethodAccessorImpl.invoke0(Native Method)
at sun.reflect.NativeMethodAccessorImpl.invoke(NativeMethodAccessorImpl.java:62)
at sun.reflect.DelegatingMethodAccessorImpl.invoke(DelegatingMethodAccessorImpl.java:43)
at java.lang.reflect.Method.invoke(Method.java:498)
at org.testng.internal.MethodInvocationHelper.invokeMethod(MethodInvocationHelper.java:124)
at org.testng.internal.Invoker.invokeMethod(Invoker.java:583)
at org.testng.internal.Invoker.invokeTestMethod(Invoker.java:719)
at org.testng.internal.Invoker.invokeTestMethods(Invoker.java:989)
at org.testng.internal.TestMethodWorker.invokeTestMethods(TestMethodWorker.java:125)
at org.testng.internal.TestMethodWorker.run(TestMethodWorker.java:109)
at org.testng.TestRunner.privateRun(TestRunner.java:648)
at org.testng.TestRunner.run(TestRunner.java:505)
at org.testng.SuiteRunner.runTest(SuiteRunner.java:455)
at org.testng.SuiteRunner.runSequentially(SuiteRunner.java:450)
at org.testng.SuiteRunner.privateRun(SuiteRunner.java:415)
at org.testng.SuiteRunner.run(SuiteRunner.java:364)
at org.testng.SuiteRunnerWorker.runSuite(SuiteRunnerWorker.java:52)
at org.testng.SuiteRunnerWorker.run(SuiteRunnerWorker.java:84)
at org.testng.TestNG.runSuitesSequentially(TestNG.java:1208)
at org.testng.TestNG.runSuitesLocally(TestNG.java:1137)
at org.testng.TestNG.runSuites(TestNG.java:1049)
at org.testng.TestNG.run(TestNG.java:1017)
at org.testng.IDEARemoteTestNG.run(IDEARemoteTestNG.java:72)
at org.testng.RemoteTestNGStarter.main(RemoteTestNGStarter.java:123)
Caused by: org.openqa.selenium.TimeoutException: Expected condition failed: waiting for io.appium.java_client.pagefactory.AppiumElementLocator$WaitingFunction@4e526ef0 (tried for 1 second(s) with 500 milliseconds interval)
at org.openqa.selenium.support.ui.FluentWait.timeoutException(FluentWait.java:303)
at org.openqa.selenium.support.ui.FluentWait.until(FluentWait.java:271)
at io.appium.java_client.pagefactory.AppiumElementLocator.waitFor(AppiumElementLocator.java:99)
at io.appium.java_client.pagefactory.AppiumElementLocator.findElement(AppiumElementLocator.java:119)
... 29 more
Caused by: org.openqa.selenium.NoSuchElementException: An element could not be located on the page using the given search parameters.
For documentation on this error, please visit: http://seleniumhq.org/exceptions/no_such_element.html
Build info: version: '3.12.0', revision: '7c6e0b3', time: '2018-05-08T14:04:26.12Z'
System info: host: 'UK-C02WF0X2HV2R', ip: '2a02:c7f:1065:f900:e4cb:bd7a:6941:7cc1%en0', os.name: 'Mac OS X', os.arch: 'x86_64', os.version: '10.13.6', java.version: '1.8.0_162'
Driver info: io.appium.java_client.ios.IOSDriver
Capabilities {app: /Users/awhitten/Library/Dev..., browserName: , databaseEnabled: false, deviceName: iPhone 8, javascriptEnabled: true, locationContextEnabled: false, networkConnectionEnabled: false, platform: MAC, platformName: MAC, platformVersion: 11.2, takesScreenshot: true, udid: EBBBFC29-7D3E-418F-8731-40A..., webStorageEnabled: false}
Session ID: 09250126-dd37-4fa2-b31d-c56358401356
*** Element info: {Using=name, value=radio_button_default.affirmative}
at sun.reflect.NativeConstructorAccessorImpl.newInstance0(Native Method)
at sun.reflect.NativeConstructorAccessorImpl.newInstance(NativeConstructorAccessorImpl.java:62)
at sun.reflect.DelegatingConstructorAccessorImpl.newInstance(DelegatingConstructorAccessorImpl.java:45)
at java.lang.reflect.Constructor.newInstance(Constructor.java:423)
at org.openqa.selenium.remote.http.W3CHttpResponseCodec.createException(W3CHttpResponseCodec.java:187)
at org.openqa.selenium.remote.http.W3CHttpResponseCodec.decode(W3CHttpResponseCodec.java:122)
at org.openqa.selenium.remote.http.W3CHttpResponseCodec.decode(W3CHttpResponseCodec.java:49)
at org.openqa.selenium.remote.HttpCommandExecutor.execute(HttpCommandExecutor.java:158)
at io.appium.java_client.remote.AppiumCommandExecutor.execute(AppiumCommandExecutor.java:218)
at org.openqa.selenium.remote.RemoteWebDriver.execute(RemoteWebDriver.java:543)
at io.appium.java_client.DefaultGenericMobileDriver.execute(DefaultGenericMobileDriver.java:42)
at io.appium.java_client.AppiumDriver.execute(AppiumDriver.java:1)
at io.appium.java_client.ios.IOSDriver.execute(IOSDriver.java:1)
at org.openqa.selenium.remote.RemoteWebDriver.findElement(RemoteWebDriver.java:317)
at io.appium.java_client.DefaultGenericMobileDriver.findElement(DefaultGenericMobileDriver.java:62)
at io.appium.java_client.AppiumDriver.findElement(AppiumDriver.java:1)
at io.appium.java_client.ios.IOSDriver.findElement(IOSDriver.java:1)
at org.openqa.selenium.remote.RemoteWebDriver.findElementByName(RemoteWebDriver.java:395)
at io.appium.java_client.DefaultGenericMobileDriver.findElementByName(DefaultGenericMobileDriver.java:118)
at io.appium.java_client.AppiumDriver.findElementByName(AppiumDriver.java:1)
at io.appium.java_client.ios.IOSDriver.findElementByName(IOSDriver.java:1)
at org.openqa.selenium.By$ByName.findElement(By.java:284)
at org.openqa.selenium.remote.RemoteWebDriver.findElement(RemoteWebDriver.java:309)
at io.appium.java_client.DefaultGenericMobileDriver.findElement(DefaultGenericMobileDriver.java:58)
at io.appium.java_client.AppiumDriver.findElement(AppiumDriver.java:1)
at io.appium.java_client.ios.IOSDriver.findElement(IOSDriver.java:1)
at io.appium.java_client.pagefactory.bys.ContentMappedBy.findElement(ContentMappedBy.java:50)
at org.openqa.selenium.remote.RemoteWebDriver.findElement(RemoteWebDriver.java:309)
at io.appium.java_client.DefaultGenericMobileDriver.findElement(DefaultGenericMobileDriver.java:58)
at io.appium.java_client.AppiumDriver.findElement(AppiumDriver.java:1)
at io.appium.java_client.ios.IOSDriver.findElement(IOSDriver.java:1)
at io.appium.java_client.pagefactory.AppiumElementLocator.lambda$0(AppiumElementLocator.java:120)
at io.appium.java_client.pagefactory.AppiumElementLocator$WaitingFunction.apply(AppiumElementLocator.java:172)
at io.appium.java_client.pagefactory.AppiumElementLocator$WaitingFunction.apply(AppiumElementLocator.java:1)
at org.openqa.selenium.support.ui.FluentWait.until(FluentWait.java:248)
... 31 more
]]>
            </full-stacktrace>
          </exception> <!-- org.openqa.selenium.NoSuchElementException -->
          <reporter-output>
          </reporter-output>
        </test-method> <!-- CUICE4581 -->
        <test-method status="PASS" signature="takeScreenShot()[pri:0, instance:Onboarding_tests.businessFormTests@4590c9c3]" name="takeScreenShot" is-config="true" duration-ms="479" started-at="2018-08-27T17:15:26Z" finished-at="2018-08-27T17:15:27Z">
          <reporter-output>
          </reporter-output>
        </test-method> <!-- takeScreenShot -->
        <test-method status="PASS" signature="setUp()[pri:0, instance:Onboarding_tests.businessFormTests@4590c9c3]" name="setUp" is-config="true" duration-ms="8737" started-at="2018-08-27T17:15:27Z" finished-at="2018-08-27T17:15:35Z">
          <reporter-output>
          </reporter-output>
        </test-method> <!-- setUp -->
        <test-method status="PASS" signature="beforeMethod()[pri:0, instance:Onboarding_tests.businessFormTests@4590c9c3]" name="beforeMethod" is-config="true" duration-ms="9048" started-at="2018-08-27T17:15:35Z" finished-at="2018-08-27T17:15:44Z">
          <reporter-output>
          </reporter-output>
        </test-method> <!-- beforeMethod -->
        <test-method status="FAIL" signature="CUICE4583()[pri:2, instance:Onboarding_tests.businessFormTests@4590c9c3]" name="CUICE4583" duration-ms="44801" started-at="2018-08-27T17:15:44Z" description="Trading Address Same as business address" finished-at="2018-08-27T17:16:29Z">
          <exception class="org.openqa.selenium.NoSuchElementException">
            <message>
              <![CDATA[Can't locate an element by this strategy: By.name: radio_button_default.negative]]>
            </message>
            <full-stacktrace>
              <![CDATA[org.openqa.selenium.NoSuchElementException: Can't locate an element by this strategy: By.name: radio_button_default.negative
at io.appium.java_client.pagefactory.AppiumElementLocator.findElement(AppiumElementLocator.java:126)
at io.appium.java_client.pagefactory.interceptors.InterceptorOfASingleElement.intercept(InterceptorOfASingleElement.java:60)
at io.appium.java_client.ios.IOSElement$$EnhancerByCGLIB$$d311658.isDisplayed(<generated>)
at utils.GuiCommands.scrollDown(GuiCommands.java:218)
at pageObjects.BusinessDetailsForm.tradingAddressSameAsRegisteredBusinessAddress(BusinessDetailsForm.java:235)
at Onboarding_tests.businessFormTests.CUICE4583(businessFormTests.java:30)
at sun.reflect.NativeMethodAccessorImpl.invoke0(Native Method)
at sun.reflect.NativeMethodAccessorImpl.invoke(NativeMethodAccessorImpl.java:62)
at sun.reflect.DelegatingMethodAccessorImpl.invoke(DelegatingMethodAccessorImpl.java:43)
at java.lang.reflect.Method.invoke(Method.java:498)
at org.testng.internal.MethodInvocationHelper.invokeMethod(MethodInvocationHelper.java:124)
at org.testng.internal.Invoker.invokeMethod(Invoker.java:583)
at org.testng.internal.Invoker.invokeTestMethod(Invoker.java:719)
at org.testng.internal.Invoker.invokeTestMethods(Invoker.java:989)
at org.testng.internal.TestMethodWorker.invokeTestMethods(TestMethodWorker.java:125)
at org.testng.internal.TestMethodWorker.run(TestMethodWorker.java:109)
at org.testng.TestRunner.privateRun(TestRunner.java:648)
at org.testng.TestRunner.run(TestRunner.java:505)
at org.testng.SuiteRunner.runTest(SuiteRunner.java:455)
at org.testng.SuiteRunner.runSequentially(SuiteRunner.java:450)
at org.testng.SuiteRunner.privateRun(SuiteRunner.java:415)
at org.testng.SuiteRunner.run(SuiteRunner.java:364)
at org.testng.SuiteRunnerWorker.runSuite(SuiteRunnerWorker.java:52)
at org.testng.SuiteRunnerWorker.run(SuiteRunnerWorker.java:84)
at org.testng.TestNG.runSuitesSequentially(TestNG.java:1208)
at org.testng.TestNG.runSuitesLocally(TestNG.java:1137)
at org.testng.TestNG.runSuites(TestNG.java:1049)
at org.testng.TestNG.run(TestNG.java:1017)
at org.testng.IDEARemoteTestNG.run(IDEARemoteTestNG.java:72)
at org.testng.RemoteTestNGStarter.main(RemoteTestNGStarter.java:123)
Caused by: org.openqa.selenium.TimeoutException: Expected condition failed: waiting for io.appium.java_client.pagefactory.AppiumElementLocator$WaitingFunction@2d1a36e2 (tried for 1 second(s) with 500 milliseconds interval)
at org.openqa.selenium.support.ui.FluentWait.timeoutException(FluentWait.java:303)
at org.openqa.selenium.support.ui.FluentWait.until(FluentWait.java:271)
at io.appium.java_client.pagefactory.AppiumElementLocator.waitFor(AppiumElementLocator.java:99)
at io.appium.java_client.pagefactory.AppiumElementLocator.findElement(AppiumElementLocator.java:119)
... 29 more
Caused by: org.openqa.selenium.NoSuchElementException: An element could not be located on the page using the given search parameters.
For documentation on this error, please visit: http://seleniumhq.org/exceptions/no_such_element.html
Build info: version: '3.12.0', revision: '7c6e0b3', time: '2018-05-08T14:04:26.12Z'
System info: host: 'UK-C02WF0X2HV2R', ip: '2a02:c7f:1065:f900:e4cb:bd7a:6941:7cc1%en0', os.name: 'Mac OS X', os.arch: 'x86_64', os.version: '10.13.6', java.version: '1.8.0_162'
Driver info: io.appium.java_client.ios.IOSDriver
Capabilities {app: /Users/awhitten/Library/Dev..., browserName: , databaseEnabled: false, deviceName: iPhone 8, javascriptEnabled: true, locationContextEnabled: false, networkConnectionEnabled: false, platform: MAC, platformName: MAC, platformVersion: 11.2, takesScreenshot: true, udid: EBBBFC29-7D3E-418F-8731-40A..., webStorageEnabled: false}
Session ID: b4df959c-2996-4841-a620-dfba2d2aed0a
*** Element info: {Using=name, value=radio_button_default.negative}
at sun.reflect.NativeConstructorAccessorImpl.newInstance0(Native Method)
at sun.reflect.NativeConstructorAccessorImpl.newInstance(NativeConstructorAccessorImpl.java:62)
at sun.reflect.DelegatingConstructorAccessorImpl.newInstance(DelegatingConstructorAccessorImpl.java:45)
at java.lang.reflect.Constructor.newInstance(Constructor.java:423)
at org.openqa.selenium.remote.http.W3CHttpResponseCodec.createException(W3CHttpResponseCodec.java:187)
at org.openqa.selenium.remote.http.W3CHttpResponseCodec.decode(W3CHttpResponseCodec.java:122)
at org.openqa.selenium.remote.http.W3CHttpResponseCodec.decode(W3CHttpResponseCodec.java:49)
at org.openqa.selenium.remote.HttpCommandExecutor.execute(HttpCommandExecutor.java:158)
at io.appium.java_client.remote.AppiumCommandExecutor.execute(AppiumCommandExecutor.java:218)
at org.openqa.selenium.remote.RemoteWebDriver.execute(RemoteWebDriver.java:543)
at io.appium.java_client.DefaultGenericMobileDriver.execute(DefaultGenericMobileDriver.java:42)
at io.appium.java_client.AppiumDriver.execute(AppiumDriver.java:1)
at io.appium.java_client.ios.IOSDriver.execute(IOSDriver.java:1)
at org.openqa.selenium.remote.RemoteWebDriver.findElement(RemoteWebDriver.java:317)
at io.appium.java_client.DefaultGenericMobileDriver.findElement(DefaultGenericMobileDriver.java:62)
at io.appium.java_client.AppiumDriver.findElement(AppiumDriver.java:1)
at io.appium.java_client.ios.IOSDriver.findElement(IOSDriver.java:1)
at org.openqa.selenium.remote.RemoteWebDriver.findElementByName(RemoteWebDriver.java:395)
at io.appium.java_client.DefaultGenericMobileDriver.findElementByName(DefaultGenericMobileDriver.java:118)
at io.appium.java_client.AppiumDriver.findElementByName(AppiumDriver.java:1)
at io.appium.java_client.ios.IOSDriver.findElementByName(IOSDriver.java:1)
at org.openqa.selenium.By$ByName.findElement(By.java:284)
at org.openqa.selenium.remote.RemoteWebDriver.findElement(RemoteWebDriver.java:309)
at io.appium.java_client.DefaultGenericMobileDriver.findElement(DefaultGenericMobileDriver.java:58)
at io.appium.java_client.AppiumDriver.findElement(AppiumDriver.java:1)
at io.appium.java_client.ios.IOSDriver.findElement(IOSDriver.java:1)
at io.appium.java_client.pagefactory.bys.ContentMappedBy.findElement(ContentMappedBy.java:50)
at org.openqa.selenium.remote.RemoteWebDriver.findElement(RemoteWebDriver.java:309)
at io.appium.java_client.DefaultGenericMobileDriver.findElement(DefaultGenericMobileDriver.java:58)
at io.appium.java_client.AppiumDriver.findElement(AppiumDriver.java:1)
at io.appium.java_client.ios.IOSDriver.findElement(IOSDriver.java:1)
at io.appium.java_client.pagefactory.AppiumElementLocator.lambda$0(AppiumElementLocator.java:120)
at io.appium.java_client.pagefactory.AppiumElementLocator$WaitingFunction.apply(AppiumElementLocator.java:172)
at io.appium.java_client.pagefactory.AppiumElementLocator$WaitingFunction.apply(AppiumElementLocator.java:1)
at org.openqa.selenium.support.ui.FluentWait.until(FluentWait.java:248)
... 31 more
]]>
            </full-stacktrace>
          </exception> <!-- org.openqa.selenium.NoSuchElementException -->
          <reporter-output>
          </reporter-output>
        </test-method> <!-- CUICE4583 -->
        <test-method status="PASS" signature="takeScreenShot()[pri:0, instance:Onboarding_tests.businessFormTests@4590c9c3]" name="takeScreenShot" is-config="true" duration-ms="464" started-at="2018-08-27T17:16:29Z" finished-at="2018-08-27T17:16:30Z">
          <reporter-output>
          </reporter-output>
        </test-method> <!-- takeScreenShot -->
        <test-method status="PASS" signature="setUp()[pri:0, instance:Onboarding_tests.businessFormTests@4590c9c3]" name="setUp" is-config="true" duration-ms="8738" started-at="2018-08-27T17:16:30Z" finished-at="2018-08-27T17:16:38Z">
          <reporter-output>
          </reporter-output>
        </test-method> <!-- setUp -->
        <test-method status="PASS" signature="beforeMethod()[pri:0, instance:Onboarding_tests.businessFormTests@4590c9c3]" name="beforeMethod" is-config="true" duration-ms="9022" started-at="2018-08-27T17:16:38Z" finished-at="2018-08-27T17:16:48Z">
          <reporter-output>
          </reporter-output>
        </test-method> <!-- beforeMethod -->
        <test-method status="FAIL" signature="CUICE4584()[pri:3, instance:Onboarding_tests.businessFormTests@4590c9c3]" name="CUICE4584" duration-ms="42892" started-at="2018-08-27T17:16:48Z" description="Trading Address Different as business address" finished-at="2018-08-27T17:17:30Z">
          <exception class="org.openqa.selenium.NoSuchElementException">
            <message>
              <![CDATA[Can't locate an element by this strategy: By.name: radio_button_default.affirmative]]>
            </message>
            <full-stacktrace>
              <![CDATA[org.openqa.selenium.NoSuchElementException: Can't locate an element by this strategy: By.name: radio_button_default.affirmative
at io.appium.java_client.pagefactory.AppiumElementLocator.findElement(AppiumElementLocator.java:126)
at io.appium.java_client.pagefactory.interceptors.InterceptorOfASingleElement.intercept(InterceptorOfASingleElement.java:60)
at io.appium.java_client.ios.IOSElement$$EnhancerByCGLIB$$d311658.isDisplayed(<generated>)
at utils.GuiCommands.scrollDown(GuiCommands.java:218)
at pageObjects.BusinessDetailsForm.tradingAddressDifferentFromRegisteredBusinessAddress(BusinessDetailsForm.java:242)
at Onboarding_tests.businessFormTests.CUICE4584(businessFormTests.java:35)
at sun.reflect.NativeMethodAccessorImpl.invoke0(Native Method)
at sun.reflect.NativeMethodAccessorImpl.invoke(NativeMethodAccessorImpl.java:62)
at sun.reflect.DelegatingMethodAccessorImpl.invoke(DelegatingMethodAccessorImpl.java:43)
at java.lang.reflect.Method.invoke(Method.java:498)
at org.testng.internal.MethodInvocationHelper.invokeMethod(MethodInvocationHelper.java:124)
at org.testng.internal.Invoker.invokeMethod(Invoker.java:583)
at org.testng.internal.Invoker.invokeTestMethod(Invoker.java:719)
at org.testng.internal.Invoker.invokeTestMethods(Invoker.java:989)
at org.testng.internal.TestMethodWorker.invokeTestMethods(TestMethodWorker.java:125)
at org.testng.internal.TestMethodWorker.run(TestMethodWorker.java:109)
at org.testng.TestRunner.privateRun(TestRunner.java:648)
at org.testng.TestRunner.run(TestRunner.java:505)
at org.testng.SuiteRunner.runTest(SuiteRunner.java:455)
at org.testng.SuiteRunner.runSequentially(SuiteRunner.java:450)
at org.testng.SuiteRunner.privateRun(SuiteRunner.java:415)
at org.testng.SuiteRunner.run(SuiteRunner.java:364)
at org.testng.SuiteRunnerWorker.runSuite(SuiteRunnerWorker.java:52)
at org.testng.SuiteRunnerWorker.run(SuiteRunnerWorker.java:84)
at org.testng.TestNG.runSuitesSequentially(TestNG.java:1208)
at org.testng.TestNG.runSuitesLocally(TestNG.java:1137)
at org.testng.TestNG.runSuites(TestNG.java:1049)
at org.testng.TestNG.run(TestNG.java:1017)
at org.testng.IDEARemoteTestNG.run(IDEARemoteTestNG.java:72)
at org.testng.RemoteTestNGStarter.main(RemoteTestNGStarter.java:123)
Caused by: org.openqa.selenium.TimeoutException: Expected condition failed: waiting for io.appium.java_client.pagefactory.AppiumElementLocator$WaitingFunction@6399ec66 (tried for 1 second(s) with 500 milliseconds interval)
at org.openqa.selenium.support.ui.FluentWait.timeoutException(FluentWait.java:303)
at org.openqa.selenium.support.ui.FluentWait.until(FluentWait.java:271)
at io.appium.java_client.pagefactory.AppiumElementLocator.waitFor(AppiumElementLocator.java:99)
at io.appium.java_client.pagefactory.AppiumElementLocator.findElement(AppiumElementLocator.java:119)
... 29 more
Caused by: org.openqa.selenium.NoSuchElementException: An element could not be located on the page using the given search parameters.
For documentation on this error, please visit: http://seleniumhq.org/exceptions/no_such_element.html
Build info: version: '3.12.0', revision: '7c6e0b3', time: '2018-05-08T14:04:26.12Z'
System info: host: 'UK-C02WF0X2HV2R', ip: '2a02:c7f:1065:f900:e4cb:bd7a:6941:7cc1%en0', os.name: 'Mac OS X', os.arch: 'x86_64', os.version: '10.13.6', java.version: '1.8.0_162'
Driver info: io.appium.java_client.ios.IOSDriver
Capabilities {app: /Users/awhitten/Library/Dev..., browserName: , databaseEnabled: false, deviceName: iPhone 8, javascriptEnabled: true, locationContextEnabled: false, networkConnectionEnabled: false, platform: MAC, platformName: MAC, platformVersion: 11.2, takesScreenshot: true, udid: EBBBFC29-7D3E-418F-8731-40A..., webStorageEnabled: false}
Session ID: 409b93c9-6b8b-4650-99a2-9017e5ceb3b5
*** Element info: {Using=name, value=radio_button_default.affirmative}
at sun.reflect.NativeConstructorAccessorImpl.newInstance0(Native Method)
at sun.reflect.NativeConstructorAccessorImpl.newInstance(NativeConstructorAccessorImpl.java:62)
at sun.reflect.DelegatingConstructorAccessorImpl.newInstance(DelegatingConstructorAccessorImpl.java:45)
at java.lang.reflect.Constructor.newInstance(Constructor.java:423)
at org.openqa.selenium.remote.http.W3CHttpResponseCodec.createException(W3CHttpResponseCodec.java:187)
at org.openqa.selenium.remote.http.W3CHttpResponseCodec.decode(W3CHttpResponseCodec.java:122)
at org.openqa.selenium.remote.http.W3CHttpResponseCodec.decode(W3CHttpResponseCodec.java:49)
at org.openqa.selenium.remote.HttpCommandExecutor.execute(HttpCommandExecutor.java:158)
at io.appium.java_client.remote.AppiumCommandExecutor.execute(AppiumCommandExecutor.java:218)
at org.openqa.selenium.remote.RemoteWebDriver.execute(RemoteWebDriver.java:543)
at io.appium.java_client.DefaultGenericMobileDriver.execute(DefaultGenericMobileDriver.java:42)
at io.appium.java_client.AppiumDriver.execute(AppiumDriver.java:1)
at io.appium.java_client.ios.IOSDriver.execute(IOSDriver.java:1)
at org.openqa.selenium.remote.RemoteWebDriver.findElement(RemoteWebDriver.java:317)
at io.appium.java_client.DefaultGenericMobileDriver.findElement(DefaultGenericMobileDriver.java:62)
at io.appium.java_client.AppiumDriver.findElement(AppiumDriver.java:1)
at io.appium.java_client.ios.IOSDriver.findElement(IOSDriver.java:1)
at org.openqa.selenium.remote.RemoteWebDriver.findElementByName(RemoteWebDriver.java:395)
at io.appium.java_client.DefaultGenericMobileDriver.findElementByName(DefaultGenericMobileDriver.java:118)
at io.appium.java_client.AppiumDriver.findElementByName(AppiumDriver.java:1)
at io.appium.java_client.ios.IOSDriver.findElementByName(IOSDriver.java:1)
at org.openqa.selenium.By$ByName.findElement(By.java:284)
at org.openqa.selenium.remote.RemoteWebDriver.findElement(RemoteWebDriver.java:309)
at io.appium.java_client.DefaultGenericMobileDriver.findElement(DefaultGenericMobileDriver.java:58)
at io.appium.java_client.AppiumDriver.findElement(AppiumDriver.java:1)
at io.appium.java_client.ios.IOSDriver.findElement(IOSDriver.java:1)
at io.appium.java_client.pagefactory.bys.ContentMappedBy.findElement(ContentMappedBy.java:50)
at org.openqa.selenium.remote.RemoteWebDriver.findElement(RemoteWebDriver.java:309)
at io.appium.java_client.DefaultGenericMobileDriver.findElement(DefaultGenericMobileDriver.java:58)
at io.appium.java_client.AppiumDriver.findElement(AppiumDriver.java:1)
at io.appium.java_client.ios.IOSDriver.findElement(IOSDriver.java:1)
at io.appium.java_client.pagefactory.AppiumElementLocator.lambda$0(AppiumElementLocator.java:120)
at io.appium.java_client.pagefactory.AppiumElementLocator$WaitingFunction.apply(AppiumElementLocator.java:172)
at io.appium.java_client.pagefactory.AppiumElementLocator$WaitingFunction.apply(AppiumElementLocator.java:1)
at org.openqa.selenium.support.ui.FluentWait.until(FluentWait.java:248)
... 31 more
]]>
            </full-stacktrace>
          </exception> <!-- org.openqa.selenium.NoSuchElementException -->
          <reporter-output>
          </reporter-output>
        </test-method> <!-- CUICE4584 -->
        <test-method status="PASS" signature="takeScreenShot()[pri:0, instance:Onboarding_tests.businessFormTests@4590c9c3]" name="takeScreenShot" is-config="true" duration-ms="307" started-at="2018-08-27T17:17:30Z" finished-at="2018-08-27T17:17:31Z">
          <reporter-output>
          </reporter-output>
        </test-method> <!-- takeScreenShot -->
        <test-method status="PASS" signature="setUp()[pri:0, instance:Onboarding_tests.businessFormTests@4590c9c3]" name="setUp" is-config="true" duration-ms="8278" started-at="2018-08-27T17:17:31Z" finished-at="2018-08-27T17:17:39Z">
          <reporter-output>
          </reporter-output>
        </test-method> <!-- setUp -->
        <test-method status="PASS" signature="beforeMethod()[pri:0, instance:Onboarding_tests.businessFormTests@4590c9c3]" name="beforeMethod" is-config="true" duration-ms="8902" started-at="2018-08-27T17:17:39Z" finished-at="2018-08-27T17:17:48Z">
          <reporter-output>
          </reporter-output>
        </test-method> <!-- beforeMethod -->
        <test-method status="FAIL" signature="CUICE4585()[pri:4, instance:Onboarding_tests.businessFormTests@4590c9c3]" name="CUICE4585" duration-ms="43545" started-at="2018-08-27T17:17:48Z" description="Trading Address Different as business address, no address found" finished-at="2018-08-27T17:18:31Z">
          <exception class="org.openqa.selenium.NoSuchElementException">
            <message>
              <![CDATA[Can't locate an element by this strategy: By.name: radio_button_default.affirmative]]>
            </message>
            <full-stacktrace>
              <![CDATA[org.openqa.selenium.NoSuchElementException: Can't locate an element by this strategy: By.name: radio_button_default.affirmative
at io.appium.java_client.pagefactory.AppiumElementLocator.findElement(AppiumElementLocator.java:126)
at io.appium.java_client.pagefactory.interceptors.InterceptorOfASingleElement.intercept(InterceptorOfASingleElement.java:60)
at io.appium.java_client.ios.IOSElement$$EnhancerByCGLIB$$d311658.isDisplayed(<generated>)
at utils.GuiCommands.scrollDown(GuiCommands.java:218)
at pageObjects.BusinessDetailsForm.addressNotFound(BusinessDetailsForm.java:252)
at Onboarding_tests.businessFormTests.CUICE4585(businessFormTests.java:40)
at sun.reflect.NativeMethodAccessorImpl.invoke0(Native Method)
at sun.reflect.NativeMethodAccessorImpl.invoke(NativeMethodAccessorImpl.java:62)
at sun.reflect.DelegatingMethodAccessorImpl.invoke(DelegatingMethodAccessorImpl.java:43)
at java.lang.reflect.Method.invoke(Method.java:498)
at org.testng.internal.MethodInvocationHelper.invokeMethod(MethodInvocationHelper.java:124)
at org.testng.internal.Invoker.invokeMethod(Invoker.java:583)
at org.testng.internal.Invoker.invokeTestMethod(Invoker.java:719)
at org.testng.internal.Invoker.invokeTestMethods(Invoker.java:989)
at org.testng.internal.TestMethodWorker.invokeTestMethods(TestMethodWorker.java:125)
at org.testng.internal.TestMethodWorker.run(TestMethodWorker.java:109)
at org.testng.TestRunner.privateRun(TestRunner.java:648)
at org.testng.TestRunner.run(TestRunner.java:505)
at org.testng.SuiteRunner.runTest(SuiteRunner.java:455)
at org.testng.SuiteRunner.runSequentially(SuiteRunner.java:450)
at org.testng.SuiteRunner.privateRun(SuiteRunner.java:415)
at org.testng.SuiteRunner.run(SuiteRunner.java:364)
at org.testng.SuiteRunnerWorker.runSuite(SuiteRunnerWorker.java:52)
at org.testng.SuiteRunnerWorker.run(SuiteRunnerWorker.java:84)
at org.testng.TestNG.runSuitesSequentially(TestNG.java:1208)
at org.testng.TestNG.runSuitesLocally(TestNG.java:1137)
at org.testng.TestNG.runSuites(TestNG.java:1049)
at org.testng.TestNG.run(TestNG.java:1017)
at org.testng.IDEARemoteTestNG.run(IDEARemoteTestNG.java:72)
at org.testng.RemoteTestNGStarter.main(RemoteTestNGStarter.java:123)
Caused by: org.openqa.selenium.TimeoutException: Expected condition failed: waiting for io.appium.java_client.pagefactory.AppiumElementLocator$WaitingFunction@1d07067e (tried for 1 second(s) with 500 milliseconds interval)
at org.openqa.selenium.support.ui.FluentWait.timeoutException(FluentWait.java:303)
at org.openqa.selenium.support.ui.FluentWait.until(FluentWait.java:271)
at io.appium.java_client.pagefactory.AppiumElementLocator.waitFor(AppiumElementLocator.java:99)
at io.appium.java_client.pagefactory.AppiumElementLocator.findElement(AppiumElementLocator.java:119)
... 29 more
Caused by: org.openqa.selenium.NoSuchElementException: An element could not be located on the page using the given search parameters.
For documentation on this error, please visit: http://seleniumhq.org/exceptions/no_such_element.html
Build info: version: '3.12.0', revision: '7c6e0b3', time: '2018-05-08T14:04:26.12Z'
System info: host: 'UK-C02WF0X2HV2R', ip: '2a02:c7f:1065:f900:e4cb:bd7a:6941:7cc1%en0', os.name: 'Mac OS X', os.arch: 'x86_64', os.version: '10.13.6', java.version: '1.8.0_162'
Driver info: io.appium.java_client.ios.IOSDriver
Capabilities {app: /Users/awhitten/Library/Dev..., browserName: , databaseEnabled: false, deviceName: iPhone 8, javascriptEnabled: true, locationContextEnabled: false, networkConnectionEnabled: false, platform: MAC, platformName: MAC, platformVersion: 11.2, takesScreenshot: true, udid: EBBBFC29-7D3E-418F-8731-40A..., webStorageEnabled: false}
Session ID: b8927388-55a1-4cbe-a90e-06a7dd7d0788
*** Element info: {Using=name, value=radio_button_default.affirmative}
at sun.reflect.NativeConstructorAccessorImpl.newInstance0(Native Method)
at sun.reflect.NativeConstructorAccessorImpl.newInstance(NativeConstructorAccessorImpl.java:62)
at sun.reflect.DelegatingConstructorAccessorImpl.newInstance(DelegatingConstructorAccessorImpl.java:45)
at java.lang.reflect.Constructor.newInstance(Constructor.java:423)
at org.openqa.selenium.remote.http.W3CHttpResponseCodec.createException(W3CHttpResponseCodec.java:187)
at org.openqa.selenium.remote.http.W3CHttpResponseCodec.decode(W3CHttpResponseCodec.java:122)
at org.openqa.selenium.remote.http.W3CHttpResponseCodec.decode(W3CHttpResponseCodec.java:49)
at org.openqa.selenium.remote.HttpCommandExecutor.execute(HttpCommandExecutor.java:158)
at io.appium.java_client.remote.AppiumCommandExecutor.execute(AppiumCommandExecutor.java:218)
at org.openqa.selenium.remote.RemoteWebDriver.execute(RemoteWebDriver.java:543)
at io.appium.java_client.DefaultGenericMobileDriver.execute(DefaultGenericMobileDriver.java:42)
at io.appium.java_client.AppiumDriver.execute(AppiumDriver.java:1)
at io.appium.java_client.ios.IOSDriver.execute(IOSDriver.java:1)
at org.openqa.selenium.remote.RemoteWebDriver.findElement(RemoteWebDriver.java:317)
at io.appium.java_client.DefaultGenericMobileDriver.findElement(DefaultGenericMobileDriver.java:62)
at io.appium.java_client.AppiumDriver.findElement(AppiumDriver.java:1)
at io.appium.java_client.ios.IOSDriver.findElement(IOSDriver.java:1)
at org.openqa.selenium.remote.RemoteWebDriver.findElementByName(RemoteWebDriver.java:395)
at io.appium.java_client.DefaultGenericMobileDriver.findElementByName(DefaultGenericMobileDriver.java:118)
at io.appium.java_client.AppiumDriver.findElementByName(AppiumDriver.java:1)
at io.appium.java_client.ios.IOSDriver.findElementByName(IOSDriver.java:1)
at org.openqa.selenium.By$ByName.findElement(By.java:284)
at org.openqa.selenium.remote.RemoteWebDriver.findElement(RemoteWebDriver.java:309)
at io.appium.java_client.DefaultGenericMobileDriver.findElement(DefaultGenericMobileDriver.java:58)
at io.appium.java_client.AppiumDriver.findElement(AppiumDriver.java:1)
at io.appium.java_client.ios.IOSDriver.findElement(IOSDriver.java:1)
at io.appium.java_client.pagefactory.bys.ContentMappedBy.findElement(ContentMappedBy.java:50)
at org.openqa.selenium.remote.RemoteWebDriver.findElement(RemoteWebDriver.java:309)
at io.appium.java_client.DefaultGenericMobileDriver.findElement(DefaultGenericMobileDriver.java:58)
at io.appium.java_client.AppiumDriver.findElement(AppiumDriver.java:1)
at io.appium.java_client.ios.IOSDriver.findElement(IOSDriver.java:1)
at io.appium.java_client.pagefactory.AppiumElementLocator.lambda$0(AppiumElementLocator.java:120)
at io.appium.java_client.pagefactory.AppiumElementLocator$WaitingFunction.apply(AppiumElementLocator.java:172)
at io.appium.java_client.pagefactory.AppiumElementLocator$WaitingFunction.apply(AppiumElementLocator.java:1)
at org.openqa.selenium.support.ui.FluentWait.until(FluentWait.java:248)
... 31 more
]]>
            </full-stacktrace>
          </exception> <!-- org.openqa.selenium.NoSuchElementException -->
          <reporter-output>
          </reporter-output>
        </test-method> <!-- CUICE4585 -->
        <test-method status="PASS" signature="takeScreenShot()[pri:0, instance:Onboarding_tests.businessFormTests@4590c9c3]" name="takeScreenShot" is-config="true" duration-ms="590" started-at="2018-08-27T17:18:31Z" finished-at="2018-08-27T17:18:32Z">
          <reporter-output>
          </reporter-output>
        </test-method> <!-- takeScreenShot -->
        <test-method status="PASS" signature="setUp()[pri:0, instance:Onboarding_tests.businessFormTests@4590c9c3]" name="setUp" is-config="true" duration-ms="8666" started-at="2018-08-27T17:18:32Z" finished-at="2018-08-27T17:18:41Z">
          <reporter-output>
          </reporter-output>
        </test-method> <!-- setUp -->
        <test-method status="PASS" signature="beforeMethod()[pri:0, instance:Onboarding_tests.businessFormTests@4590c9c3]" name="beforeMethod" is-config="true" duration-ms="9018" started-at="2018-08-27T17:18:41Z" finished-at="2018-08-27T17:18:50Z">
          <reporter-output>
          </reporter-output>
        </test-method> <!-- beforeMethod -->
        <test-method status="PASS" signature="CUICE4541()[pri:5, instance:Onboarding_tests.businessFormTests@4590c9c3]" name="CUICE4541" duration-ms="34075" started-at="2018-08-27T17:18:50Z" description="Display of Jurisdiction of tax residency field" finished-at="2018-08-27T17:19:24Z">
          <reporter-output>
          </reporter-output>
        </test-method> <!-- CUICE4541 -->
        <test-method status="PASS" signature="takeScreenShot()[pri:0, instance:Onboarding_tests.businessFormTests@4590c9c3]" name="takeScreenShot" is-config="true" duration-ms="470" started-at="2018-08-27T17:19:24Z" finished-at="2018-08-27T17:19:24Z">
          <reporter-output>
          </reporter-output>
        </test-method> <!-- takeScreenShot -->
        <test-method status="PASS" signature="setUp()[pri:0, instance:Onboarding_tests.businessFormTests@4590c9c3]" name="setUp" is-config="true" duration-ms="8776" started-at="2018-08-27T17:19:24Z" finished-at="2018-08-27T17:19:33Z">
          <reporter-output>
          </reporter-output>
        </test-method> <!-- setUp -->
        <test-method status="PASS" signature="beforeMethod()[pri:0, instance:Onboarding_tests.businessFormTests@4590c9c3]" name="beforeMethod" is-config="true" duration-ms="9404" started-at="2018-08-27T17:19:33Z" finished-at="2018-08-27T17:19:42Z">
          <reporter-output>
          </reporter-output>
        </test-method> <!-- beforeMethod -->
        <test-method status="PASS" signature="CUICE4542()[pri:6, instance:Onboarding_tests.businessFormTests@4590c9c3]" name="CUICE4542" duration-ms="42698" started-at="2018-08-27T17:19:42Z" description="AlphaNumeric Keyboard Entry" finished-at="2018-08-27T17:20:25Z">
          <reporter-output>
          </reporter-output>
        </test-method> <!-- CUICE4542 -->
        <test-method status="PASS" signature="takeScreenShot()[pri:0, instance:Onboarding_tests.businessFormTests@4590c9c3]" name="takeScreenShot" is-config="true" duration-ms="602" started-at="2018-08-27T17:20:25Z" finished-at="2018-08-27T17:20:26Z">
          <reporter-output>
          </reporter-output>
        </test-method> <!-- takeScreenShot -->
        <test-method status="PASS" signature="setUp()[pri:0, instance:Onboarding_tests.businessFormTests@4590c9c3]" name="setUp" is-config="true" duration-ms="9150" started-at="2018-08-27T17:20:26Z" finished-at="2018-08-27T17:20:35Z">
          <reporter-output>
          </reporter-output>
        </test-method> <!-- setUp -->
        <test-method status="PASS" signature="beforeMethod()[pri:0, instance:Onboarding_tests.businessFormTests@4590c9c3]" name="beforeMethod" is-config="true" duration-ms="9242" started-at="2018-08-27T17:20:35Z" finished-at="2018-08-27T17:20:44Z">
          <reporter-output>
          </reporter-output>
        </test-method> <!-- beforeMethod -->
        <test-method status="PASS" signature="CUICE4544()[pri:7, instance:Onboarding_tests.businessFormTests@4590c9c3]" name="CUICE4544" duration-ms="61753" started-at="2018-08-27T17:20:44Z" description="Invalid Jurisdiction of Tax Residency Lookup" finished-at="2018-08-27T17:21:46Z">
          <reporter-output>
          </reporter-output>
        </test-method> <!-- CUICE4544 -->
        <test-method status="PASS" signature="takeScreenShot()[pri:0, instance:Onboarding_tests.businessFormTests@4590c9c3]" name="takeScreenShot" is-config="true" duration-ms="518" started-at="2018-08-27T17:21:46Z" finished-at="2018-08-27T17:21:46Z">
          <reporter-output>
          </reporter-output>
        </test-method> <!-- takeScreenShot -->
        <test-method status="PASS" signature="setUp()[pri:0, instance:Onboarding_tests.businessFormTests@4590c9c3]" name="setUp" is-config="true" duration-ms="8553" started-at="2018-08-27T17:21:46Z" finished-at="2018-08-27T17:21:55Z">
          <reporter-output>
          </reporter-output>
        </test-method> <!-- setUp -->
        <test-method status="PASS" signature="beforeMethod()[pri:0, instance:Onboarding_tests.businessFormTests@4590c9c3]" name="beforeMethod" is-config="true" duration-ms="9144" started-at="2018-08-27T17:21:55Z" finished-at="2018-08-27T17:22:04Z">
          <reporter-output>
          </reporter-output>
        </test-method> <!-- beforeMethod -->
        <test-method status="PASS" signature="CUICE4543()[pri:8, instance:Onboarding_tests.businessFormTests@4590c9c3]" name="CUICE4543" duration-ms="90498" started-at="2018-08-27T17:22:04Z" description="Jurisdiction of Tax Residency Lookup Function" finished-at="2018-08-27T17:23:35Z">
          <reporter-output>
          </reporter-output>
        </test-method> <!-- CUICE4543 -->
        <test-method status="PASS" signature="takeScreenShot()[pri:0, instance:Onboarding_tests.businessFormTests@4590c9c3]" name="takeScreenShot" is-config="true" duration-ms="487" started-at="2018-08-27T17:23:35Z" finished-at="2018-08-27T17:23:35Z">
          <reporter-output>
          </reporter-output>
        </test-method> <!-- takeScreenShot -->
        <test-method status="PASS" signature="setUp()[pri:0, instance:Onboarding_tests.businessFormTests@4590c9c3]" name="setUp" is-config="true" duration-ms="9014" started-at="2018-08-27T17:23:35Z" finished-at="2018-08-27T17:23:44Z">
          <reporter-output>
          </reporter-output>
        </test-method> <!-- setUp -->
        <test-method status="PASS" signature="beforeMethod()[pri:0, instance:Onboarding_tests.businessFormTests@4590c9c3]" name="beforeMethod" is-config="true" duration-ms="9146" started-at="2018-08-27T17:23:44Z" finished-at="2018-08-27T17:23:53Z">
          <reporter-output>
          </reporter-output>
        </test-method> <!-- beforeMethod -->
        <test-method status="PASS" signature="CUICE4351()[pri:9, instance:Onboarding_tests.businessFormTests@4590c9c3]" name="CUICE4351" duration-ms="34706" started-at="2018-08-27T17:23:53Z" description="Display of UTR Question" finished-at="2018-08-27T17:24:28Z">
          <reporter-output>
          </reporter-output>
        </test-method> <!-- CUICE4351 -->
        <test-method status="PASS" signature="takeScreenShot()[pri:0, instance:Onboarding_tests.businessFormTests@4590c9c3]" name="takeScreenShot" is-config="true" duration-ms="499" started-at="2018-08-27T17:24:28Z" finished-at="2018-08-27T17:24:28Z">
          <reporter-output>
          </reporter-output>
        </test-method> <!-- takeScreenShot -->
        <test-method status="PASS" signature="setUp()[pri:0, instance:Onboarding_tests.businessFormTests@4590c9c3]" name="setUp" is-config="true" duration-ms="8586" started-at="2018-08-27T17:24:28Z" finished-at="2018-08-27T17:24:37Z">
          <reporter-output>
          </reporter-output>
        </test-method> <!-- setUp -->
        <test-method status="PASS" signature="beforeMethod()[pri:0, instance:Onboarding_tests.businessFormTests@4590c9c3]" name="beforeMethod" is-config="true" duration-ms="9498" started-at="2018-08-27T17:24:37Z" finished-at="2018-08-27T17:24:47Z">
          <reporter-output>
          </reporter-output>
        </test-method> <!-- beforeMethod -->
        <test-method status="PASS" signature="CUICE4352()[pri:10, instance:Onboarding_tests.businessFormTests@4590c9c3]" name="CUICE4352" duration-ms="37601" started-at="2018-08-27T17:24:47Z" description="Numeric Keyboard Entry" finished-at="2018-08-27T17:25:24Z">
          <reporter-output>
          </reporter-output>
        </test-method> <!-- CUICE4352 -->
        <test-method status="PASS" signature="takeScreenShot()[pri:0, instance:Onboarding_tests.businessFormTests@4590c9c3]" name="takeScreenShot" is-config="true" duration-ms="564" started-at="2018-08-27T17:25:24Z" finished-at="2018-08-27T17:25:25Z">
          <reporter-output>
          </reporter-output>
        </test-method> <!-- takeScreenShot -->
        <test-method status="PASS" signature="setUp()[pri:0, instance:Onboarding_tests.businessFormTests@4590c9c3]" name="setUp" is-config="true" duration-ms="8987" started-at="2018-08-27T17:25:25Z" finished-at="2018-08-27T17:25:34Z">
          <reporter-output>
          </reporter-output>
        </test-method> <!-- setUp -->
        <test-method status="PASS" signature="beforeMethod()[pri:0, instance:Onboarding_tests.businessFormTests@4590c9c3]" name="beforeMethod" is-config="true" duration-ms="9746" started-at="2018-08-27T17:25:34Z" finished-at="2018-08-27T17:25:43Z">
          <reporter-output>
          </reporter-output>
        </test-method> <!-- beforeMethod -->
        <test-method status="FAIL" signature="CUICE4353ANDCUICE4354()[pri:11, instance:Onboarding_tests.businessFormTests@4590c9c3]" name="CUICE4353ANDCUICE4354" duration-ms="115875" started-at="2018-08-27T17:25:43Z" description="Unique Tax Reference Validation" finished-at="2018-08-27T17:27:39Z">
          <exception class="java.lang.AssertionError">
            <message>
              <![CDATA[expected [true] but found [false]]]>
            </message>
            <full-stacktrace>
              <![CDATA[java.lang.AssertionError: expected [true] but found [false]
at org.testng.Assert.fail(Assert.java:96)
at org.testng.Assert.failNotEquals(Assert.java:776)
at org.testng.Assert.assertTrue(Assert.java:44)
at org.testng.Assert.assertTrue(Assert.java:54)
at Onboarding_tests.businessFormTests.CUICE4353ANDCUICE4354(businessFormTests.java:76)
at sun.reflect.NativeMethodAccessorImpl.invoke0(Native Method)
at sun.reflect.NativeMethodAccessorImpl.invoke(NativeMethodAccessorImpl.java:62)
at sun.reflect.DelegatingMethodAccessorImpl.invoke(DelegatingMethodAccessorImpl.java:43)
at java.lang.reflect.Method.invoke(Method.java:498)
at org.testng.internal.MethodInvocationHelper.invokeMethod(MethodInvocationHelper.java:124)
at org.testng.internal.Invoker.invokeMethod(Invoker.java:583)
at org.testng.internal.Invoker.invokeTestMethod(Invoker.java:719)
at org.testng.internal.Invoker.invokeTestMethods(Invoker.java:989)
at org.testng.internal.TestMethodWorker.invokeTestMethods(TestMethodWorker.java:125)
at org.testng.internal.TestMethodWorker.run(TestMethodWorker.java:109)
at org.testng.TestRunner.privateRun(TestRunner.java:648)
at org.testng.TestRunner.run(TestRunner.java:505)
at org.testng.SuiteRunner.runTest(SuiteRunner.java:455)
at org.testng.SuiteRunner.runSequentially(SuiteRunner.java:450)
at org.testng.SuiteRunner.privateRun(SuiteRunner.java:415)
at org.testng.SuiteRunner.run(SuiteRunner.java:364)
at org.testng.SuiteRunnerWorker.runSuite(SuiteRunnerWorker.java:52)
at org.testng.SuiteRunnerWorker.run(SuiteRunnerWorker.java:84)
at org.testng.TestNG.runSuitesSequentially(TestNG.java:1208)
at org.testng.TestNG.runSuitesLocally(TestNG.java:1137)
at org.testng.TestNG.runSuites(TestNG.java:1049)
at org.testng.TestNG.run(TestNG.java:1017)
at org.testng.IDEARemoteTestNG.run(IDEARemoteTestNG.java:72)
at org.testng.RemoteTestNGStarter.main(RemoteTestNGStarter.java:123)
]]>
            </full-stacktrace>
          </exception> <!-- java.lang.AssertionError -->
          <reporter-output>
          </reporter-output>
        </test-method> <!-- CUICE4353ANDCUICE4354 -->
        <test-method status="PASS" signature="takeScreenShot()[pri:0, instance:Onboarding_tests.businessFormTests@4590c9c3]" name="takeScreenShot" is-config="true" duration-ms="571" started-at="2018-08-27T17:27:39Z" finished-at="2018-08-27T17:27:40Z">
          <reporter-output>
          </reporter-output>
        </test-method> <!-- takeScreenShot -->
        <test-method status="PASS" signature="setUp()[pri:0, instance:Onboarding_tests.businessFormTests@4590c9c3]" name="setUp" is-config="true" duration-ms="8603" started-at="2018-08-27T17:27:40Z" finished-at="2018-08-27T17:27:48Z">
          <reporter-output>
          </reporter-output>
        </test-method> <!-- setUp -->
        <test-method status="PASS" signature="beforeMethod()[pri:0, instance:Onboarding_tests.businessFormTests@4590c9c3]" name="beforeMethod" is-config="true" duration-ms="9450" started-at="2018-08-27T17:27:48Z" finished-at="2018-08-27T17:27:58Z">
          <reporter-output>
          </reporter-output>
        </test-method> <!-- beforeMethod -->
        <test-method status="PASS" signature="CUICE5158()[pri:12, instance:Onboarding_tests.businessFormTests@4590c9c3]" name="CUICE5158" duration-ms="33414" started-at="2018-08-27T17:27:58Z" description="Display Additional Details" finished-at="2018-08-27T17:28:31Z">
          <reporter-output>
          </reporter-output>
        </test-method> <!-- CUICE5158 -->
        <test-method status="PASS" signature="takeScreenShot()[pri:0, instance:Onboarding_tests.businessFormTests@4590c9c3]" name="takeScreenShot" is-config="true" duration-ms="506" started-at="2018-08-27T17:28:31Z" finished-at="2018-08-27T17:28:32Z">
          <reporter-output>
          </reporter-output>
        </test-method> <!-- takeScreenShot -->
        <test-method status="PASS" signature="setUp()[pri:0, instance:Onboarding_tests.businessFormTests@4590c9c3]" name="setUp" is-config="true" duration-ms="8686" started-at="2018-08-27T17:28:32Z" finished-at="2018-08-27T17:28:41Z">
          <reporter-output>
          </reporter-output>
        </test-method> <!-- setUp -->
        <test-method status="PASS" signature="beforeMethod()[pri:0, instance:Onboarding_tests.businessFormTests@4590c9c3]" name="beforeMethod" is-config="true" duration-ms="9108" started-at="2018-08-27T17:28:41Z" finished-at="2018-08-27T17:28:50Z">
          <reporter-output>
          </reporter-output>
        </test-method> <!-- beforeMethod -->
        <test-method status="PASS" signature="CUICE5159()[pri:13, instance:Onboarding_tests.businessFormTests@4590c9c3]" name="CUICE5159" duration-ms="35788" started-at="2018-08-27T17:28:50Z" description="Additional Details Keyboard" finished-at="2018-08-27T17:29:25Z">
          <reporter-output>
          </reporter-output>
        </test-method> <!-- CUICE5159 -->
        <test-method status="PASS" signature="takeScreenShot()[pri:0, instance:Onboarding_tests.businessFormTests@4590c9c3]" name="takeScreenShot" is-config="true" duration-ms="817" started-at="2018-08-27T17:29:25Z" finished-at="2018-08-27T17:29:26Z">
          <reporter-output>
          </reporter-output>
        </test-method> <!-- takeScreenShot -->
        <test-method status="PASS" signature="setUp()[pri:0, instance:Onboarding_tests.businessFormTests@4590c9c3]" name="setUp" is-config="true" duration-ms="8348" started-at="2018-08-27T17:29:26Z" finished-at="2018-08-27T17:29:35Z">
          <reporter-output>
          </reporter-output>
        </test-method> <!-- setUp -->
        <test-method status="PASS" signature="beforeMethod()[pri:0, instance:Onboarding_tests.businessFormTests@4590c9c3]" name="beforeMethod" is-config="true" duration-ms="9884" started-at="2018-08-27T17:29:35Z" finished-at="2018-08-27T17:29:44Z">
          <reporter-output>
          </reporter-output>
        </test-method> <!-- beforeMethod -->
        <test-method status="FAIL" signature="CUICE5160()[pri:14, instance:Onboarding_tests.businessFormTests@4590c9c3]" name="CUICE5160" duration-ms="51946" started-at="2018-08-27T17:29:44Z" description="Additional Details Validation" finished-at="2018-08-27T17:30:36Z">
          <exception class="org.openqa.selenium.NoSuchElementException">
            <message>
              <![CDATA[Can't locate an element by this strategy: By.name: radio_button_default.negative]]>
            </message>
            <full-stacktrace>
              <![CDATA[org.openqa.selenium.NoSuchElementException: Can't locate an element by this strategy: By.name: radio_button_default.negative
at io.appium.java_client.pagefactory.AppiumElementLocator.findElement(AppiumElementLocator.java:126)
at io.appium.java_client.pagefactory.interceptors.InterceptorOfASingleElement.intercept(InterceptorOfASingleElement.java:60)
at io.appium.java_client.ios.IOSElement$$EnhancerByCGLIB$$d311658.isDisplayed(<generated>)
at utils.GuiCommands.scrollDown(GuiCommands.java:218)
at pageObjects.BusinessDetailsForm.populateFieldsExceptAdditionalDetails(BusinessDetailsForm.java:334)
at pageObjects.BusinessDetailsForm.additionalDetailsNoCharacters(BusinessDetailsForm.java:357)
at Onboarding_tests.businessFormTests.CUICE5160(businessFormTests.java:91)
at sun.reflect.NativeMethodAccessorImpl.invoke0(Native Method)
at sun.reflect.NativeMethodAccessorImpl.invoke(NativeMethodAccessorImpl.java:62)
at sun.reflect.DelegatingMethodAccessorImpl.invoke(DelegatingMethodAccessorImpl.java:43)
at java.lang.reflect.Method.invoke(Method.java:498)
at org.testng.internal.MethodInvocationHelper.invokeMethod(MethodInvocationHelper.java:124)
at org.testng.internal.Invoker.invokeMethod(Invoker.java:583)
at org.testng.internal.Invoker.invokeTestMethod(Invoker.java:719)
at org.testng.internal.Invoker.invokeTestMethods(Invoker.java:989)
at org.testng.internal.TestMethodWorker.invokeTestMethods(TestMethodWorker.java:125)
at org.testng.internal.TestMethodWorker.run(TestMethodWorker.java:109)
at org.testng.TestRunner.privateRun(TestRunner.java:648)
at org.testng.TestRunner.run(TestRunner.java:505)
at org.testng.SuiteRunner.runTest(SuiteRunner.java:455)
at org.testng.SuiteRunner.runSequentially(SuiteRunner.java:450)
at org.testng.SuiteRunner.privateRun(SuiteRunner.java:415)
at org.testng.SuiteRunner.run(SuiteRunner.java:364)
at org.testng.SuiteRunnerWorker.runSuite(SuiteRunnerWorker.java:52)
at org.testng.SuiteRunnerWorker.run(SuiteRunnerWorker.java:84)
at org.testng.TestNG.runSuitesSequentially(TestNG.java:1208)
at org.testng.TestNG.runSuitesLocally(TestNG.java:1137)
at org.testng.TestNG.runSuites(TestNG.java:1049)
at org.testng.TestNG.run(TestNG.java:1017)
at org.testng.IDEARemoteTestNG.run(IDEARemoteTestNG.java:72)
at org.testng.RemoteTestNGStarter.main(RemoteTestNGStarter.java:123)
Caused by: org.openqa.selenium.TimeoutException: Expected condition failed: waiting for io.appium.java_client.pagefactory.AppiumElementLocator$WaitingFunction@20360a03 (tried for 1 second(s) with 500 milliseconds interval)
at org.openqa.selenium.support.ui.FluentWait.timeoutException(FluentWait.java:303)
at org.openqa.selenium.support.ui.FluentWait.until(FluentWait.java:271)
at io.appium.java_client.pagefactory.AppiumElementLocator.waitFor(AppiumElementLocator.java:99)
at io.appium.java_client.pagefactory.AppiumElementLocator.findElement(AppiumElementLocator.java:119)
... 30 more
Caused by: org.openqa.selenium.NoSuchElementException: An element could not be located on the page using the given search parameters.
For documentation on this error, please visit: http://seleniumhq.org/exceptions/no_such_element.html
Build info: version: '3.12.0', revision: '7c6e0b3', time: '2018-05-08T14:04:26.12Z'
System info: host: 'UK-C02WF0X2HV2R', ip: '2a02:c7f:1065:f900:e4cb:bd7a:6941:7cc1%en0', os.name: 'Mac OS X', os.arch: 'x86_64', os.version: '10.13.6', java.version: '1.8.0_162'
Driver info: io.appium.java_client.ios.IOSDriver
Capabilities {app: /Users/awhitten/Library/Dev..., browserName: , databaseEnabled: false, deviceName: iPhone 8, javascriptEnabled: true, locationContextEnabled: false, networkConnectionEnabled: false, platform: MAC, platformName: MAC, platformVersion: 11.2, takesScreenshot: true, udid: EBBBFC29-7D3E-418F-8731-40A..., webStorageEnabled: false}
Session ID: bde2d5d8-190f-452c-8244-516b32e37e88
*** Element info: {Using=name, value=radio_button_default.negative}
at sun.reflect.NativeConstructorAccessorImpl.newInstance0(Native Method)
at sun.reflect.NativeConstructorAccessorImpl.newInstance(NativeConstructorAccessorImpl.java:62)
at sun.reflect.DelegatingConstructorAccessorImpl.newInstance(DelegatingConstructorAccessorImpl.java:45)
at java.lang.reflect.Constructor.newInstance(Constructor.java:423)
at org.openqa.selenium.remote.http.W3CHttpResponseCodec.createException(W3CHttpResponseCodec.java:187)
at org.openqa.selenium.remote.http.W3CHttpResponseCodec.decode(W3CHttpResponseCodec.java:122)
at org.openqa.selenium.remote.http.W3CHttpResponseCodec.decode(W3CHttpResponseCodec.java:49)
at org.openqa.selenium.remote.HttpCommandExecutor.execute(HttpCommandExecutor.java:158)
at io.appium.java_client.remote.AppiumCommandExecutor.execute(AppiumCommandExecutor.java:218)
at org.openqa.selenium.remote.RemoteWebDriver.execute(RemoteWebDriver.java:543)
at io.appium.java_client.DefaultGenericMobileDriver.execute(DefaultGenericMobileDriver.java:42)
at io.appium.java_client.AppiumDriver.execute(AppiumDriver.java:1)
at io.appium.java_client.ios.IOSDriver.execute(IOSDriver.java:1)
at org.openqa.selenium.remote.RemoteWebDriver.findElement(RemoteWebDriver.java:317)
at io.appium.java_client.DefaultGenericMobileDriver.findElement(DefaultGenericMobileDriver.java:62)
at io.appium.java_client.AppiumDriver.findElement(AppiumDriver.java:1)
at io.appium.java_client.ios.IOSDriver.findElement(IOSDriver.java:1)
at org.openqa.selenium.remote.RemoteWebDriver.findElementByName(RemoteWebDriver.java:395)
at io.appium.java_client.DefaultGenericMobileDriver.findElementByName(DefaultGenericMobileDriver.java:118)
at io.appium.java_client.AppiumDriver.findElementByName(AppiumDriver.java:1)
at io.appium.java_client.ios.IOSDriver.findElementByName(IOSDriver.java:1)
at org.openqa.selenium.By$ByName.findElement(By.java:284)
at org.openqa.selenium.remote.RemoteWebDriver.findElement(RemoteWebDriver.java:309)
at io.appium.java_client.DefaultGenericMobileDriver.findElement(DefaultGenericMobileDriver.java:58)
at io.appium.java_client.AppiumDriver.findElement(AppiumDriver.java:1)
at io.appium.java_client.ios.IOSDriver.findElement(IOSDriver.java:1)
at io.appium.java_client.pagefactory.bys.ContentMappedBy.findElement(ContentMappedBy.java:50)
at org.openqa.selenium.remote.RemoteWebDriver.findElement(RemoteWebDriver.java:309)
at io.appium.java_client.DefaultGenericMobileDriver.findElement(DefaultGenericMobileDriver.java:58)
at io.appium.java_client.AppiumDriver.findElement(AppiumDriver.java:1)
at io.appium.java_client.ios.IOSDriver.findElement(IOSDriver.java:1)
at io.appium.java_client.pagefactory.AppiumElementLocator.lambda$0(AppiumElementLocator.java:120)
at io.appium.java_client.pagefactory.AppiumElementLocator$WaitingFunction.apply(AppiumElementLocator.java:172)
at io.appium.java_client.pagefactory.AppiumElementLocator$WaitingFunction.apply(AppiumElementLocator.java:1)
at org.openqa.selenium.support.ui.FluentWait.until(FluentWait.java:248)
... 32 more
]]>
            </full-stacktrace>
          </exception> <!-- org.openqa.selenium.NoSuchElementException -->
          <reporter-output>
          </reporter-output>
        </test-method> <!-- CUICE5160 -->
        <test-method status="PASS" signature="takeScreenShot()[pri:0, instance:Onboarding_tests.businessFormTests@4590c9c3]" name="takeScreenShot" is-config="true" duration-ms="510" started-at="2018-08-27T17:30:36Z" finished-at="2018-08-27T17:30:37Z">
          <reporter-output>
          </reporter-output>
        </test-method> <!-- takeScreenShot -->
      </class> <!-- Onboarding_tests.businessFormTests -->
    </test> <!-- Business Form Tests -->
    <test name="Personal Details Tests" duration-ms="620621" started-at="2018-08-27T17:30:37Z" finished-at="2018-08-27T17:40:58Z">
      <class name="Onboarding_tests.personalDetailsTests">
        <test-method status="PASS" signature="setUp()[pri:0, instance:Onboarding_tests.personalDetailsTests@5afa04c]" name="setUp" is-config="true" duration-ms="9241" started-at="2018-08-27T17:30:37Z" finished-at="2018-08-27T17:30:46Z">
          <reporter-output>
          </reporter-output>
        </test-method> <!-- setUp -->
        <test-method status="PASS" signature="beforeMethod()[pri:0, instance:Onboarding_tests.personalDetailsTests@5afa04c]" name="beforeMethod" is-config="true" duration-ms="19095" started-at="2018-08-27T17:30:46Z" finished-at="2018-08-27T17:31:05Z">
          <reporter-output>
          </reporter-output>
        </test-method> <!-- beforeMethod -->
        <test-method status="FAIL" signature="CUICE4142()[pri:1, instance:Onboarding_tests.personalDetailsTests@5afa04c]" name="CUICE4142" duration-ms="160021" started-at="2018-08-27T17:31:05Z" description="Information Prepopulated and Displayed to User" finished-at="2018-08-27T17:33:45Z">
          <exception class="org.openqa.selenium.NoSuchElementException">
            <message>
              <![CDATA[Can't locate an element by this strategy: By.name: personal_details.title]]>
            </message>
            <full-stacktrace>
              <![CDATA[org.openqa.selenium.NoSuchElementException: Can't locate an element by this strategy: By.name: personal_details.title
at io.appium.java_client.pagefactory.AppiumElementLocator.findElement(AppiumElementLocator.java:126)
at io.appium.java_client.pagefactory.interceptors.InterceptorOfASingleElement.intercept(InterceptorOfASingleElement.java:60)
at io.appium.java_client.ios.IOSElement$$EnhancerByCGLIB$$d311658.isDisplayed(<generated>)
at pageObjects.PersonalDetailsForm.personalDetailsDisplayed(PersonalDetailsForm.java:207)
at Onboarding_tests.personalDetailsTests.CUICE4142(personalDetailsTests.java:34)
at sun.reflect.NativeMethodAccessorImpl.invoke0(Native Method)
at sun.reflect.NativeMethodAccessorImpl.invoke(NativeMethodAccessorImpl.java:62)
at sun.reflect.DelegatingMethodAccessorImpl.invoke(DelegatingMethodAccessorImpl.java:43)
at java.lang.reflect.Method.invoke(Method.java:498)
at org.testng.internal.MethodInvocationHelper.invokeMethod(MethodInvocationHelper.java:124)
at org.testng.internal.Invoker.invokeMethod(Invoker.java:583)
at org.testng.internal.Invoker.invokeTestMethod(Invoker.java:719)
at org.testng.internal.Invoker.invokeTestMethods(Invoker.java:989)
at org.testng.internal.TestMethodWorker.invokeTestMethods(TestMethodWorker.java:125)
at org.testng.internal.TestMethodWorker.run(TestMethodWorker.java:109)
at org.testng.TestRunner.privateRun(TestRunner.java:648)
at org.testng.TestRunner.run(TestRunner.java:505)
at org.testng.SuiteRunner.runTest(SuiteRunner.java:455)
at org.testng.SuiteRunner.runSequentially(SuiteRunner.java:450)
at org.testng.SuiteRunner.privateRun(SuiteRunner.java:415)
at org.testng.SuiteRunner.run(SuiteRunner.java:364)
at org.testng.SuiteRunnerWorker.runSuite(SuiteRunnerWorker.java:52)
at org.testng.SuiteRunnerWorker.run(SuiteRunnerWorker.java:84)
at org.testng.TestNG.runSuitesSequentially(TestNG.java:1208)
at org.testng.TestNG.runSuitesLocally(TestNG.java:1137)
at org.testng.TestNG.runSuites(TestNG.java:1049)
at org.testng.TestNG.run(TestNG.java:1017)
at org.testng.IDEARemoteTestNG.run(IDEARemoteTestNG.java:72)
at org.testng.RemoteTestNGStarter.main(RemoteTestNGStarter.java:123)
Caused by: org.openqa.selenium.TimeoutException: Expected condition failed: waiting for io.appium.java_client.pagefactory.AppiumElementLocator$WaitingFunction@3ecc888c (tried for 1 second(s) with 500 milliseconds interval)
at org.openqa.selenium.support.ui.FluentWait.timeoutException(FluentWait.java:303)
at org.openqa.selenium.support.ui.FluentWait.until(FluentWait.java:271)
at io.appium.java_client.pagefactory.AppiumElementLocator.waitFor(AppiumElementLocator.java:99)
at io.appium.java_client.pagefactory.AppiumElementLocator.findElement(AppiumElementLocator.java:119)
... 28 more
Caused by: org.openqa.selenium.NoSuchElementException: An element could not be located on the page using the given search parameters.
For documentation on this error, please visit: http://seleniumhq.org/exceptions/no_such_element.html
Build info: version: '3.12.0', revision: '7c6e0b3', time: '2018-05-08T14:04:26.12Z'
System info: host: 'UK-C02WF0X2HV2R', ip: '2a02:c7f:1065:f900:e4cb:bd7a:6941:7cc1%en0', os.name: 'Mac OS X', os.arch: 'x86_64', os.version: '10.13.6', java.version: '1.8.0_162'
Driver info: io.appium.java_client.ios.IOSDriver
Capabilities {app: /Users/awhitten/Library/Dev..., browserName: , databaseEnabled: false, deviceName: iPhone 8, javascriptEnabled: true, locationContextEnabled: false, networkConnectionEnabled: false, platform: MAC, platformName: MAC, platformVersion: 11.2, takesScreenshot: true, udid: EBBBFC29-7D3E-418F-8731-40A..., webStorageEnabled: false}
Session ID: 18a0f648-b035-465c-a4c0-e8c1203241d9
*** Element info: {Using=name, value=personal_details.title}
at sun.reflect.NativeConstructorAccessorImpl.newInstance0(Native Method)
at sun.reflect.NativeConstructorAccessorImpl.newInstance(NativeConstructorAccessorImpl.java:62)
at sun.reflect.DelegatingConstructorAccessorImpl.newInstance(DelegatingConstructorAccessorImpl.java:45)
at java.lang.reflect.Constructor.newInstance(Constructor.java:423)
at org.openqa.selenium.remote.http.W3CHttpResponseCodec.createException(W3CHttpResponseCodec.java:187)
at org.openqa.selenium.remote.http.W3CHttpResponseCodec.decode(W3CHttpResponseCodec.java:122)
at org.openqa.selenium.remote.http.W3CHttpResponseCodec.decode(W3CHttpResponseCodec.java:49)
at org.openqa.selenium.remote.HttpCommandExecutor.execute(HttpCommandExecutor.java:158)
at io.appium.java_client.remote.AppiumCommandExecutor.execute(AppiumCommandExecutor.java:218)
at org.openqa.selenium.remote.RemoteWebDriver.execute(RemoteWebDriver.java:543)
at io.appium.java_client.DefaultGenericMobileDriver.execute(DefaultGenericMobileDriver.java:42)
at io.appium.java_client.AppiumDriver.execute(AppiumDriver.java:1)
at io.appium.java_client.ios.IOSDriver.execute(IOSDriver.java:1)
at org.openqa.selenium.remote.RemoteWebDriver.findElement(RemoteWebDriver.java:317)
at io.appium.java_client.DefaultGenericMobileDriver.findElement(DefaultGenericMobileDriver.java:62)
at io.appium.java_client.AppiumDriver.findElement(AppiumDriver.java:1)
at io.appium.java_client.ios.IOSDriver.findElement(IOSDriver.java:1)
at org.openqa.selenium.remote.RemoteWebDriver.findElementByName(RemoteWebDriver.java:395)
at io.appium.java_client.DefaultGenericMobileDriver.findElementByName(DefaultGenericMobileDriver.java:118)
at io.appium.java_client.AppiumDriver.findElementByName(AppiumDriver.java:1)
at io.appium.java_client.ios.IOSDriver.findElementByName(IOSDriver.java:1)
at org.openqa.selenium.By$ByName.findElement(By.java:284)
at org.openqa.selenium.remote.RemoteWebDriver.findElement(RemoteWebDriver.java:309)
at io.appium.java_client.DefaultGenericMobileDriver.findElement(DefaultGenericMobileDriver.java:58)
at io.appium.java_client.AppiumDriver.findElement(AppiumDriver.java:1)
at io.appium.java_client.ios.IOSDriver.findElement(IOSDriver.java:1)
at io.appium.java_client.pagefactory.bys.ContentMappedBy.findElement(ContentMappedBy.java:50)
at org.openqa.selenium.remote.RemoteWebDriver.findElement(RemoteWebDriver.java:309)
at io.appium.java_client.DefaultGenericMobileDriver.findElement(DefaultGenericMobileDriver.java:58)
at io.appium.java_client.AppiumDriver.findElement(AppiumDriver.java:1)
at io.appium.java_client.ios.IOSDriver.findElement(IOSDriver.java:1)
at io.appium.java_client.pagefactory.AppiumElementLocator.lambda$0(AppiumElementLocator.java:120)
at io.appium.java_client.pagefactory.AppiumElementLocator$WaitingFunction.apply(AppiumElementLocator.java:172)
at io.appium.java_client.pagefactory.AppiumElementLocator$WaitingFunction.apply(AppiumElementLocator.java:1)
at org.openqa.selenium.support.ui.FluentWait.until(FluentWait.java:248)
... 30 more
]]>
            </full-stacktrace>
          </exception> <!-- org.openqa.selenium.NoSuchElementException -->
          <reporter-output>
          </reporter-output>
        </test-method> <!-- CUICE4142 -->
        <test-method status="PASS" signature="takeScreenShot()[pri:0, instance:Onboarding_tests.personalDetailsTests@5afa04c]" name="takeScreenShot" is-config="true" duration-ms="525" started-at="2018-08-27T17:33:45Z" finished-at="2018-08-27T17:33:46Z">
          <reporter-output>
          </reporter-output>
        </test-method> <!-- takeScreenShot -->
        <test-method status="PASS" signature="setUp()[pri:0, instance:Onboarding_tests.personalDetailsTests@5afa04c]" name="setUp" is-config="true" duration-ms="8691" started-at="2018-08-27T17:33:46Z" finished-at="2018-08-27T17:33:55Z">
          <reporter-output>
          </reporter-output>
        </test-method> <!-- setUp -->
        <test-method status="PASS" signature="beforeMethod()[pri:0, instance:Onboarding_tests.personalDetailsTests@5afa04c]" name="beforeMethod" is-config="true" duration-ms="18801" started-at="2018-08-27T17:33:55Z" finished-at="2018-08-27T17:34:13Z">
          <reporter-output>
          </reporter-output>
        </test-method> <!-- beforeMethod -->
        <test-method status="FAIL" signature="CUICE4141()[pri:2, instance:Onboarding_tests.personalDetailsTests@5afa04c]" name="CUICE4141" duration-ms="159103" started-at="2018-08-27T17:34:13Z" description="Non-Editing of Pre-populated Information" finished-at="2018-08-27T17:36:52Z">
          <exception class="org.openqa.selenium.NoSuchElementException">
            <message>
              <![CDATA[Can't locate an element by this strategy: By.name: personal_details.title]]>
            </message>
            <full-stacktrace>
              <![CDATA[org.openqa.selenium.NoSuchElementException: Can't locate an element by this strategy: By.name: personal_details.title
at io.appium.java_client.pagefactory.AppiumElementLocator.findElement(AppiumElementLocator.java:126)
at io.appium.java_client.pagefactory.interceptors.InterceptorOfASingleElement.intercept(InterceptorOfASingleElement.java:60)
at io.appium.java_client.ios.IOSElement$$EnhancerByCGLIB$$d311658.isEnabled(<generated>)
at pageObjects.PersonalDetailsForm.personalDetailsNotEditible(PersonalDetailsForm.java:199)
at Onboarding_tests.personalDetailsTests.CUICE4141(personalDetailsTests.java:39)
at sun.reflect.NativeMethodAccessorImpl.invoke0(Native Method)
at sun.reflect.NativeMethodAccessorImpl.invoke(NativeMethodAccessorImpl.java:62)
at sun.reflect.DelegatingMethodAccessorImpl.invoke(DelegatingMethodAccessorImpl.java:43)
at java.lang.reflect.Method.invoke(Method.java:498)
at org.testng.internal.MethodInvocationHelper.invokeMethod(MethodInvocationHelper.java:124)
at org.testng.internal.Invoker.invokeMethod(Invoker.java:583)
at org.testng.internal.Invoker.invokeTestMethod(Invoker.java:719)
at org.testng.internal.Invoker.invokeTestMethods(Invoker.java:989)
at org.testng.internal.TestMethodWorker.invokeTestMethods(TestMethodWorker.java:125)
at org.testng.internal.TestMethodWorker.run(TestMethodWorker.java:109)
at org.testng.TestRunner.privateRun(TestRunner.java:648)
at org.testng.TestRunner.run(TestRunner.java:505)
at org.testng.SuiteRunner.runTest(SuiteRunner.java:455)
at org.testng.SuiteRunner.runSequentially(SuiteRunner.java:450)
at org.testng.SuiteRunner.privateRun(SuiteRunner.java:415)
at org.testng.SuiteRunner.run(SuiteRunner.java:364)
at org.testng.SuiteRunnerWorker.runSuite(SuiteRunnerWorker.java:52)
at org.testng.SuiteRunnerWorker.run(SuiteRunnerWorker.java:84)
at org.testng.TestNG.runSuitesSequentially(TestNG.java:1208)
at org.testng.TestNG.runSuitesLocally(TestNG.java:1137)
at org.testng.TestNG.runSuites(TestNG.java:1049)
at org.testng.TestNG.run(TestNG.java:1017)
at org.testng.IDEARemoteTestNG.run(IDEARemoteTestNG.java:72)
at org.testng.RemoteTestNGStarter.main(RemoteTestNGStarter.java:123)
Caused by: org.openqa.selenium.TimeoutException: Expected condition failed: waiting for io.appium.java_client.pagefactory.AppiumElementLocator$WaitingFunction@383f753b (tried for 1 second(s) with 500 milliseconds interval)
at org.openqa.selenium.support.ui.FluentWait.timeoutException(FluentWait.java:303)
at org.openqa.selenium.support.ui.FluentWait.until(FluentWait.java:271)
at io.appium.java_client.pagefactory.AppiumElementLocator.waitFor(AppiumElementLocator.java:99)
at io.appium.java_client.pagefactory.AppiumElementLocator.findElement(AppiumElementLocator.java:119)
... 28 more
Caused by: org.openqa.selenium.NoSuchElementException: An element could not be located on the page using the given search parameters.
For documentation on this error, please visit: http://seleniumhq.org/exceptions/no_such_element.html
Build info: version: '3.12.0', revision: '7c6e0b3', time: '2018-05-08T14:04:26.12Z'
System info: host: 'UK-C02WF0X2HV2R', ip: '2a02:c7f:1065:f900:e4cb:bd7a:6941:7cc1%en0', os.name: 'Mac OS X', os.arch: 'x86_64', os.version: '10.13.6', java.version: '1.8.0_162'
Driver info: io.appium.java_client.ios.IOSDriver
Capabilities {app: /Users/awhitten/Library/Dev..., browserName: , databaseEnabled: false, deviceName: iPhone 8, javascriptEnabled: true, locationContextEnabled: false, networkConnectionEnabled: false, platform: MAC, platformName: MAC, platformVersion: 11.2, takesScreenshot: true, udid: EBBBFC29-7D3E-418F-8731-40A..., webStorageEnabled: false}
Session ID: 002b213e-7dd5-4210-8578-f3ba985a347d
*** Element info: {Using=name, value=personal_details.title}
at sun.reflect.GeneratedConstructorAccessor28.newInstance(Unknown Source)
at sun.reflect.DelegatingConstructorAccessorImpl.newInstance(DelegatingConstructorAccessorImpl.java:45)
at java.lang.reflect.Constructor.newInstance(Constructor.java:423)
at org.openqa.selenium.remote.http.W3CHttpResponseCodec.createException(W3CHttpResponseCodec.java:187)
at org.openqa.selenium.remote.http.W3CHttpResponseCodec.decode(W3CHttpResponseCodec.java:122)
at org.openqa.selenium.remote.http.W3CHttpResponseCodec.decode(W3CHttpResponseCodec.java:49)
at org.openqa.selenium.remote.HttpCommandExecutor.execute(HttpCommandExecutor.java:158)
at io.appium.java_client.remote.AppiumCommandExecutor.execute(AppiumCommandExecutor.java:218)
at org.openqa.selenium.remote.RemoteWebDriver.execute(RemoteWebDriver.java:543)
at io.appium.java_client.DefaultGenericMobileDriver.execute(DefaultGenericMobileDriver.java:42)
at io.appium.java_client.AppiumDriver.execute(AppiumDriver.java:1)
at io.appium.java_client.ios.IOSDriver.execute(IOSDriver.java:1)
at org.openqa.selenium.remote.RemoteWebDriver.findElement(RemoteWebDriver.java:317)
at io.appium.java_client.DefaultGenericMobileDriver.findElement(DefaultGenericMobileDriver.java:62)
at io.appium.java_client.AppiumDriver.findElement(AppiumDriver.java:1)
at io.appium.java_client.ios.IOSDriver.findElement(IOSDriver.java:1)
at org.openqa.selenium.remote.RemoteWebDriver.findElementByName(RemoteWebDriver.java:395)
at io.appium.java_client.DefaultGenericMobileDriver.findElementByName(DefaultGenericMobileDriver.java:118)
at io.appium.java_client.AppiumDriver.findElementByName(AppiumDriver.java:1)
at io.appium.java_client.ios.IOSDriver.findElementByName(IOSDriver.java:1)
at org.openqa.selenium.By$ByName.findElement(By.java:284)
at org.openqa.selenium.remote.RemoteWebDriver.findElement(RemoteWebDriver.java:309)
at io.appium.java_client.DefaultGenericMobileDriver.findElement(DefaultGenericMobileDriver.java:58)
at io.appium.java_client.AppiumDriver.findElement(AppiumDriver.java:1)
at io.appium.java_client.ios.IOSDriver.findElement(IOSDriver.java:1)
at io.appium.java_client.pagefactory.bys.ContentMappedBy.findElement(ContentMappedBy.java:50)
at org.openqa.selenium.remote.RemoteWebDriver.findElement(RemoteWebDriver.java:309)
at io.appium.java_client.DefaultGenericMobileDriver.findElement(DefaultGenericMobileDriver.java:58)
at io.appium.java_client.AppiumDriver.findElement(AppiumDriver.java:1)
at io.appium.java_client.ios.IOSDriver.findElement(IOSDriver.java:1)
at io.appium.java_client.pagefactory.AppiumElementLocator.lambda$0(AppiumElementLocator.java:120)
at io.appium.java_client.pagefactory.AppiumElementLocator$WaitingFunction.apply(AppiumElementLocator.java:172)
at io.appium.java_client.pagefactory.AppiumElementLocator$WaitingFunction.apply(AppiumElementLocator.java:1)
at org.openqa.selenium.support.ui.FluentWait.until(FluentWait.java:248)
... 30 more
]]>
            </full-stacktrace>
          </exception> <!-- org.openqa.selenium.NoSuchElementException -->
          <reporter-output>
          </reporter-output>
        </test-method> <!-- CUICE4141 -->
        <test-method status="PASS" signature="takeScreenShot()[pri:0, instance:Onboarding_tests.personalDetailsTests@5afa04c]" name="takeScreenShot" is-config="true" duration-ms="566" started-at="2018-08-27T17:36:52Z" finished-at="2018-08-27T17:36:53Z">
          <reporter-output>
          </reporter-output>
        </test-method> <!-- takeScreenShot -->
        <test-method status="PASS" signature="setUp()[pri:0, instance:Onboarding_tests.personalDetailsTests@5afa04c]" name="setUp" is-config="true" duration-ms="8545" started-at="2018-08-27T17:36:53Z" finished-at="2018-08-27T17:37:02Z">
          <reporter-output>
          </reporter-output>
        </test-method> <!-- setUp -->
        <test-method status="PASS" signature="beforeMethod()[pri:0, instance:Onboarding_tests.personalDetailsTests@5afa04c]" name="beforeMethod" is-config="true" duration-ms="18655" started-at="2018-08-27T17:37:02Z" finished-at="2018-08-27T17:37:20Z">
          <reporter-output>
          </reporter-output>
        </test-method> <!-- beforeMethod -->
        <test-method status="PASS" signature="CUICE4144()[pri:3, instance:Onboarding_tests.personalDetailsTests@5afa04c]" name="CUICE4144" duration-ms="216892" started-at="2018-08-27T17:37:20Z" description="Navigate Back To Company Search Screen" finished-at="2018-08-27T17:40:57Z">
          <reporter-output>
          </reporter-output>
        </test-method> <!-- CUICE4144 -->
        <test-method status="PASS" signature="takeScreenShot()[pri:0, instance:Onboarding_tests.personalDetailsTests@5afa04c]" name="takeScreenShot" is-config="true" duration-ms="481" started-at="2018-08-27T17:40:57Z" finished-at="2018-08-27T17:40:58Z">
          <reporter-output>
          </reporter-output>
        </test-method> <!-- takeScreenShot -->
      </class> <!-- Onboarding_tests.personalDetailsTests -->
    </test> <!-- Personal Details Tests -->
  </suite> <!-- Onboarding -->
</testng-results>
